#
# A fatal error has been detected by the Java Runtime Environment:
#
#  SIGSEGV (0xb) at pc=0x00007f3cbc8c6da2, pid=17609, tid=0x00007f3cb2693700
#
# JRE version: OpenJDK Runtime Environment (8.0_265-b01) (build 1.8.0_265-8u265-b01-0ubuntu2~18.04-b01)
# Java VM: OpenJDK 64-Bit Server VM (25.265-b01 mixed mode linux-amd64 compressed oops)
# Problematic frame:
# J 799 C1 sun.reflect.generics.parser.SignatureParser.parseClassTypeSignature()Lsun/reflect/generics/tree/ClassTypeSignature; (118 bytes) @ 0x00007f3cbc8c6da2 [0x00007f3cbc8c5b00+0x12a2]
#
# Failed to write core dump. Core dumps have been disabled. To enable core dumping, try "ulimit -c unlimited" before starting Java again
#
# If you would like to submit a bug report, please visit:
#   http://bugreport.java.com/bugreport/crash.jsp
#

---------------  T H R E A D  ---------------

Current thread (0x00007f3c5c003000):  JavaThread "restartedMain" [_thread_in_Java, id=17635, stack(0x00007f3cb2593000,0x00007f3cb2694000)]

siginfo: si_signo: 11 (SIGSEGV), si_code: 2 (SEGV_ACCERR), si_addr: 0x00000007ab281914

Registers:
RAX=0x000000076e6e45b0, RBX=0x000000000000045e, RCX=0x0000000000000000, RDX=0x00007f3cb9eae750
RSP=0x00007f3cb2690e40, RBP=0x00007f3cb26910b0, RSI=0x00000000000e3e79, RDI=0x000000076e6e45c0
R8 =0x0000000000001715, R9 =0x000000000000001d, R10=0x000000076e6e4248, R11=0x000000000000001c
R12=0x0000000000000000, R13=0x000000076e6e4550, R14=0x00007f3cb26910c0, R15=0x00007f3c5c003000
RIP=0x00007f3cbc8c6da2, EFLAGS=0x0000000000010202, CSGSFS=0x002b000000000033, ERR=0x0000000000000004
  TRAPNO=0x000000000000000e

Top of Stack: (sp=0x00007f3cb2690e40)
0x00007f3cb2690e40:   00007f3cb2690f10 00007f3c50156730
0x00007f3cb2690e50:   00007f3cb2690ed0 00007f3c5c003000
0x00007f3cb2690e60:   00007f3c00000002 00007f3c5c003000
0x00007f3cb2690e70:   00007f3cb2690ef0 00007f3cd19ce11c
0x00007f3cb2690e80:   00007f3cb2690ef0 00007f3cd1938769
0x00007f3cb2690e90:   00007f3cb2690f40 00007f3cd1762e59
0x00007f3cb2690ea0:   0000000000000000 00007f3c5c003000
0x00007f3cb2690eb0:   00007f3cb2690f20 00007f3cd15a13aa
0x00007f3cb2690ec0:   00007f3cd2bb80e0 00007f3ccc044e90
0x00007f3cb2690ed0:   00007f3c5c0027e8 0000000000000000
0x00007f3cb2690ee0:   00007f3cb2690fb0 00007f3c5c003000
0x00007f3cb2690ef0:   00007f3c68009d80 00007f3c5c003000
0x00007f3cb2690f00:   00007f3cb2690f40 439d7a15c79da600
0x00007f3cb2690f10:   00007f3cb2690f40 00007f3cd196dcd4
0x00007f3cb2690f20:   000000076e6e4230 000000076e6e4298
0x00007f3cb2690f30:   000000076e6e4598 00007f3cd2bb8000
0x00007f3cb2690f40:   00007f3c5c003000 00007f3cd19d0300
0x00007f3cb2690f50:   0000000000000001 00007f3cba28c6c0
0x00007f3cb2690f60:   000003010000000c 00007f3cd1a1fecf
0x00007f3cb2690f70:   00007f3cb26910b0 00007f3cbc974c14
0x00007f3cb2690f80:   0000000000000003 00007f3cd1f15b01
0x00007f3cb2690f90:   00007f3c5c003000 439d7a15c79da600
0x00007f3cb2690fa0:   00007f3cb2691020 00007f3c5c003000
0x00007f3cb2690fb0:   000000000000000b 00007f3c5c003000
0x00007f3cb2690fc0:   000000076e6e41c8 00007f3cd2bd2dc8
0x00007f3cb2690fd0:   00007f3cb2691010 00007f3cd17000a5
0x00007f3cb2690fe0:   00007f3c5c0027c0 00007f3c5c003000
0x00007f3cb2690ff0:   00007f3c00000001 000000076e6e4230
0x00007f3cb2691000:   00007f3c5c003000 00007f3c5c003000
0x00007f3cb2691010:   00007f3cb26910b0 00007f3cbc8dd104
0x00007f3cb2691020:   000000000000000b 00007f3c5c003000
0x00007f3cb2691030:   00007f3cb17aa1f8 00007f3c5c003000 

Instructions: (pc=0x00007f3cbc8c6da2)
0x00007f3cbc8c6d82:   83 86 08 01 00 00 01 48 ba 50 e7 ea b9 3c 7f 00
0x00007f3cbc8c6d92:   00 8b b2 dc 00 00 00 83 c6 08 89 b2 dc 00 00 00
0x00007f3cbc8c6da2:   48 3a 80 64 d3 b9 3c 7f 00 00 81 e6 f8 ff 7f 00
0x00007f3cbc8c6db2:   83 fe 00 0f 84 8c 05 00 00 48 8b 94 24 e8 00 00 

Register to memory mapping:

RAX=0x000000076e6e45b0 is an oop
sun.reflect.generics.tree.ClassTypeSignature 
 - klass: 'sun/reflect/generics/tree/ClassTypeSignature'
RBX=0x000000000000045e is an unknown value
RCX=0x0000000000000000 is an unknown value
RDX=0x00007f3cb9eae750 is pointing into metadata
RSP=0x00007f3cb2690e40 is pointing into the stack for thread: 0x00007f3c5c003000
RBP=0x00007f3cb26910b0 is pointing into the stack for thread: 0x00007f3c5c003000
RSI=0x00000000000e3e79 is an unknown value
RDI=0x000000076e6e45c0 is an oop

[error occurred during error reporting (printing register info), id 0xb]

Stack: [0x00007f3cb2593000,0x00007f3cb2694000],  sp=0x00007f3cb2690e40,  free space=1015k
Native frames: (J=compiled Java code, j=interpreted, Vv=VM code, C=native code)
J 799 C1 sun.reflect.generics.parser.SignatureParser.parseClassTypeSignature()Lsun/reflect/generics/tree/ClassTypeSignature; (118 bytes) @ 0x00007f3cbc8c6da2 [0x00007f3cbc8c5b00+0x12a2]
J 1118 C1 sun.reflect.generics.parser.SignatureParser.parseFieldTypeSignature(Z)Lsun/reflect/generics/tree/FieldTypeSignature; (73 bytes) @ 0x00007f3cbc974c14 [0x00007f3cbc9748a0+0x374]
J 841 C1 sun.reflect.generics.parser.SignatureParser.parseFieldTypeSignature()Lsun/reflect/generics/tree/FieldTypeSignature; (6 bytes) @ 0x00007f3cbc8dd104 [0x00007f3cbc8dd080+0x84]
j  sun.reflect.generics.parser.SignatureParser.parseTypeSignature()Lsun/reflect/generics/tree/TypeSignature;+126
j  sun.reflect.generics.parser.SignatureParser.parseTypeSig(Ljava/lang/String;)Lsun/reflect/generics/tree/TypeSignature;+9
j  sun.reflect.annotation.AnnotationParser.parseSig(Ljava/lang/String;Ljava/lang/Class;)Ljava/lang/Class;+19
j  sun.reflect.annotation.AnnotationParser.parseAnnotation2(Ljava/nio/ByteBuffer;Lsun/reflect/ConstantPool;Ljava/lang/Class;Z[Ljava/lang/Class;)Ljava/lang/annotation/Annotation;+27
j  sun.reflect.annotation.AnnotationParser.parseAnnotations2([BLsun/reflect/ConstantPool;Ljava/lang/Class;[Ljava/lang/Class;)Ljava/util/Map;+41
J 1286 C1 sun.reflect.annotation.AnnotationParser.parseAnnotations([BLsun/reflect/ConstantPool;Ljava/lang/Class;)Ljava/util/Map; (37 bytes) @ 0x00007f3cbc9dc9bc [0x00007f3cbc9dc8c0+0xfc]
j  java.lang.Class.createAnnotationData(I)Ljava/lang/Class$AnnotationData;+9
J 1185 C1 java.lang.Class.annotationData()Ljava/lang/Class$AnnotationData; (44 bytes) @ 0x00007f3cbc999eec [0x00007f3cbc999de0+0x10c]
j  java.lang.Class.getAnnotation(Ljava/lang/Class;)Ljava/lang/annotation/Annotation;+6
j  java.lang.reflect.AnnotatedElement.isAnnotationPresent(Ljava/lang/Class;)Z+2
j  java.lang.Class.isAnnotationPresent(Ljava/lang/Class;)Z+2
j  org.springframework.core.type.filter.AnnotationTypeFilter.<init>(Ljava/lang/Class;ZZ)V+4
j  org.springframework.core.type.filter.AnnotationTypeFilter.<init>(Ljava/lang/Class;)V+4
j  org.springframework.context.annotation.ClassPathScanningCandidateComponentProvider.registerDefaultFilters()V+10
j  org.springframework.context.annotation.ClassPathBeanDefinitionScanner.<init>(Lorg/springframework/beans/factory/support/BeanDefinitionRegistry;ZLorg/springframework/core/env/Environment;Lorg/springframework/core/io/ResourceLoader;)V+54
j  org.springframework.context.annotation.ClassPathBeanDefinitionScanner.<init>(Lorg/springframework/beans/factory/support/BeanDefinitionRegistry;ZLorg/springframework/core/env/Environment;)V+19
j  org.springframework.context.annotation.ClassPathBeanDefinitionScanner.<init>(Lorg/springframework/beans/factory/support/BeanDefinitionRegistry;Z)V+7
j  org.springframework.context.annotation.ClassPathBeanDefinitionScanner.<init>(Lorg/springframework/beans/factory/support/BeanDefinitionRegistry;)V+3
j  org.springframework.boot.web.servlet.context.AnnotationConfigServletWebServerApplicationContext.<init>()V+33
v  ~StubRoutines::call_stub
V  [libjvm.so+0x680d0a]
V  [libjvm.so+0x97c8f8]
V  [libjvm.so+0x97e90f]
V  [libjvm.so+0x6d2f8f]  JVM_NewInstanceFromConstructor+0x9f
j  sun.reflect.NativeConstructorAccessorImpl.newInstance0(Ljava/lang/reflect/Constructor;[Ljava/lang/Object;)Ljava/lang/Object;+0
j  sun.reflect.NativeConstructorAccessorImpl.newInstance([Ljava/lang/Object;)Ljava/lang/Object;+85
J 1268 C1 sun.reflect.DelegatingConstructorAccessorImpl.newInstance([Ljava/lang/Object;)Ljava/lang/Object; (9 bytes) @ 0x00007f3cbc9cb34c [0x00007f3cbc9cb240+0x10c]
J 1266 C1 java.lang.reflect.Constructor.newInstance([Ljava/lang/Object;)Ljava/lang/Object; (87 bytes) @ 0x00007f3cbc9cbbcc [0x00007f3cbc9cb700+0x4cc]
j  org.springframework.beans.BeanUtils.instantiateClass(Ljava/lang/reflect/Constructor;[Ljava/lang/Object;)Ljava/lang/Object;+128
j  org.springframework.beans.BeanUtils.instantiateClass(Ljava/lang/Class;)Ljava/lang/Object;+36
j  org.springframework.boot.SpringApplication.createApplicationContext()Lorg/springframework/context/ConfigurableApplicationContext;+88
j  org.springframework.boot.SpringApplication.run([Ljava/lang/String;)Lorg/springframework/context/ConfigurableApplicationContext;+74
j  org.springframework.boot.SpringApplication.run([Ljava/lang/Class;[Ljava/lang/String;)Lorg/springframework/context/ConfigurableApplicationContext;+9
j  org.springframework.boot.SpringApplication.run(Ljava/lang/Class;[Ljava/lang/String;)Lorg/springframework/context/ConfigurableApplicationContext;+9
j  com.superops.MyApplication.main([Ljava/lang/String;)V+3
v  ~StubRoutines::call_stub
V  [libjvm.so+0x680d0a]
V  [libjvm.so+0x97c8f8]
V  [libjvm.so+0x97e2d5]
V  [libjvm.so+0x6d2d68]  JVM_InvokeMethod+0x128
j  sun.reflect.NativeMethodAccessorImpl.invoke0(Ljava/lang/reflect/Method;Ljava/lang/Object;[Ljava/lang/Object;)Ljava/lang/Object;+0
j  sun.reflect.NativeMethodAccessorImpl.invoke(Ljava/lang/Object;[Ljava/lang/Object;)Ljava/lang/Object;+100
j  sun.reflect.DelegatingMethodAccessorImpl.invoke(Ljava/lang/Object;[Ljava/lang/Object;)Ljava/lang/Object;+6
j  java.lang.reflect.Method.invoke(Ljava/lang/Object;[Ljava/lang/Object;)Ljava/lang/Object;+56
j  org.springframework.boot.devtools.restart.RestartLauncher.run()V+41
v  ~StubRoutines::call_stub
V  [libjvm.so+0x680d0a]
V  [libjvm.so+0x67e2eb]
V  [libjvm.so+0x67e8d7]
V  [libjvm.so+0x6c56db]
V  [libjvm.so+0xa5726f]
V  [libjvm.so+0xa583f2]
V  [libjvm.so+0x8ed782]
C  [libpthread.so.0+0x76db]  start_thread+0xdb


---------------  P R O C E S S  ---------------

Java Threads: ( => current thread )
  0x00007f3c5002a800 JavaThread "background-preinit" [_thread_in_vm, id=17636, stack(0x00007f3cb2492000,0x00007f3cb2593000)]
=>0x00007f3c5c003000 JavaThread "restartedMain" [_thread_in_Java, id=17635, stack(0x00007f3cb2593000,0x00007f3cb2694000)]
  0x00007f3ccc9da000 JavaThread "Thread-0" [_thread_blocked, id=17634, stack(0x00007f3cb2694000,0x00007f3cb2795000)]
  0x00007f3ccc0d9800 JavaThread "Service Thread" daemon [_thread_blocked, id=17632, stack(0x00007f3cb3217000,0x00007f3cb3318000)]
  0x00007f3ccc0ce000 JavaThread "C1 CompilerThread3" daemon [_thread_blocked, id=17631, stack(0x00007f3cb3319000,0x00007f3cb3419000)]
  0x00007f3ccc0cc000 JavaThread "C2 CompilerThread2" daemon [_thread_in_native, id=17630, stack(0x00007f3cb341a000,0x00007f3cb351a000)]
  0x00007f3ccc0ca800 JavaThread "C2 CompilerThread1" daemon [_thread_in_native, id=17629, stack(0x00007f3cb351b000,0x00007f3cb361b000)]
  0x00007f3ccc0c7800 JavaThread "C2 CompilerThread0" daemon [_thread_in_native, id=17628, stack(0x00007f3cb361c000,0x00007f3cb371c000)]
  0x00007f3ccc0c3800 JavaThread "Signal Dispatcher" daemon [_thread_blocked, id=17627, stack(0x00007f3cb371c000,0x00007f3cb381d000)]
  0x00007f3ccc095800 JavaThread "Finalizer" daemon [_thread_blocked, id=17626, stack(0x00007f3cb3afb000,0x00007f3cb3bfc000)]
  0x00007f3ccc091000 JavaThread "Reference Handler" daemon [_thread_blocked, id=17625, stack(0x00007f3cb3bfc000,0x00007f3cb3cfd000)]
  0x00007f3ccc011800 JavaThread "main" [_thread_blocked, id=17610, stack(0x00007f3cd2c8a000,0x00007f3cd2d8a000)]

Other Threads:
  0x00007f3ccc087800 VMThread [stack: 0x00007f3cb3cfe000,0x00007f3cb3dfe000] [id=17624]
  0x00007f3ccc0dc000 WatcherThread [stack: 0x00007f3cb3117000,0x00007f3cb3217000] [id=17633]

VM state:not at safepoint (normal execution)

VM Mutex/Monitor currently owned by a thread: None

heap address: 0x00000006c7800000, size: 3976 MB, Compressed Oops mode: Zero based, Oop shift amount: 3
Narrow klass base: 0x0000000000000000, Narrow klass shift: 3
Compressed class space size: 1073741824 Address: 0x00000007c0000000

Heap:
 PSYoungGen      total 74752K, used 28296K [0x000000076d300000, 0x0000000776500000, 0x00000007c0000000)
  eden space 64512K, 32% used [0x000000076d300000,0x000000076e75cd40,0x0000000771200000)
  from space 10240K, 72% used [0x0000000771c00000,0x0000000772345640,0x0000000772600000)
  to   space 10240K, 0% used [0x0000000771200000,0x0000000771200000,0x0000000771c00000)
 ParOldGen       total 171008K, used 16K [0x00000006c7800000, 0x00000006d1f00000, 0x000000076d300000)
  object space 171008K, 0% used [0x00000006c7800000,0x00000006c7804000,0x00000006d1f00000)
 Metaspace       used 15283K, capacity 15792K, committed 16000K, reserved 1062912K
  class space    used 1928K, capacity 2071K, committed 2176K, reserved 1048576K

Card table byte_map: [0x00007f3cbba30000,0x00007f3cbc1f5000] byte_map_base: 0x00007f3cb83f4000

Marking Bits: (ParMarkBitMap*) 0x00007f3cd1f1f520
 Begin Bits: [0x00007f3c8c3c0000, 0x00007f3c901e0000)
 End Bits:   [0x00007f3c901e0000, 0x00007f3c94000000)

Polling page: 0x00007f3cd2da2000

CodeCache: size=245760Kb used=4334Kb max_used=4341Kb free=241425Kb
 bounds [0x00007f3cbc5b5000, 0x00007f3cbc9f5000, 0x00007f3ccb5b5000]
 total_blobs=1653 nmethods=1308 adapters=259
 compilation: enabled

Compilation events (10 events):
Event: 0.958 Thread 0x00007f3ccc0ca800 1304       4       java.nio.DirectLongBufferU::get (16 bytes)
Event: 0.958 Thread 0x00007f3ccc0ca800 nmethod 1304 0x00007f3cbc9e5550 code [0x00007f3cbc9e56a0, 0x00007f3cbc9e5738]
Event: 0.960 Thread 0x00007f3ccc0ca800 1310   !   4       java.util.WeakHashMap::expungeStaleEntries (139 bytes)
Event: 0.960 Thread 0x00007f3ccc0ce000 nmethod 1306 0x00007f3cbc9eb910 code [0x00007f3cbc9ebc80, 0x00007f3cbc9ed958]
Event: 0.960 Thread 0x00007f3ccc0ce000 1307       3       java.lang.StringCoding::access$100 (8 bytes)
Event: 0.960 Thread 0x00007f3ccc0ce000 nmethod 1307 0x00007f3cbc9e4850 code [0x00007f3cbc9e4a00, 0x00007f3cbc9e4f28]
Event: 0.960 Thread 0x00007f3ccc0ce000 1308       3       java.lang.StringCoding::safeTrim (24 bytes)
Event: 0.961 Thread 0x00007f3ccc0ce000 nmethod 1308 0x00007f3cbc9e2490 code [0x00007f3cbc9e2620, 0x00007f3cbc9e2ae8]
Event: 0.961 Thread 0x00007f3ccc0ce000 1309       3       java.util.Stack::empty (13 bytes)
Event: 0.961 Thread 0x00007f3ccc0ce000 nmethod 1309 0x00007f3cbc9eb250 code [0x00007f3cbc9eb3c0, 0x00007f3cbc9eb790]

GC Heap History (4 events):
Event: 0.514 GC heap before
{Heap before GC invocations=1 (full 0):
 PSYoungGen      total 74752K, used 64512K [0x000000076d300000, 0x0000000772600000, 0x00000007c0000000)
  eden space 64512K, 100% used [0x000000076d300000,0x0000000771200000,0x0000000771200000)
  from space 10240K, 0% used [0x0000000771c00000,0x0000000771c00000,0x0000000772600000)
  to   space 10240K, 0% used [0x0000000771200000,0x0000000771200000,0x0000000771c00000)
 ParOldGen       total 171008K, used 0K [0x00000006c7800000, 0x00000006d1f00000, 0x000000076d300000)
  object space 171008K, 0% used [0x00000006c7800000,0x00000006c7800000,0x00000006d1f00000)
 Metaspace       used 7299K, capacity 7472K, committed 7552K, reserved 1056768K
  class space    used 813K, capacity 878K, committed 896K, reserved 1048576K
Event: 0.519 GC heap after
Heap after GC invocations=1 (full 0):
 PSYoungGen      total 74752K, used 4498K [0x000000076d300000, 0x0000000772600000, 0x00000007c0000000)
  eden space 64512K, 0% used [0x000000076d300000,0x000000076d300000,0x0000000771200000)
  from space 10240K, 43% used [0x0000000771200000,0x0000000771664a80,0x0000000771c00000)
  to   space 10240K, 0% used [0x0000000771c00000,0x0000000771c00000,0x0000000772600000)
 ParOldGen       total 171008K, used 8K [0x00000006c7800000, 0x00000006d1f00000, 0x000000076d300000)
  object space 171008K, 0% used [0x00000006c7800000,0x00000006c7802000,0x00000006d1f00000)
 Metaspace       used 7299K, capacity 7472K, committed 7552K, reserved 1056768K
  class space    used 813K, capacity 878K, committed 896K, reserved 1048576K
}
Event: 0.874 GC heap before
{Heap before GC invocations=2 (full 0):
 PSYoungGen      total 74752K, used 69010K [0x000000076d300000, 0x0000000772600000, 0x00000007c0000000)
  eden space 64512K, 100% used [0x000000076d300000,0x0000000771200000,0x0000000771200000)
  from space 10240K, 43% used [0x0000000771200000,0x0000000771664a80,0x0000000771c00000)
  to   space 10240K, 0% used [0x0000000771c00000,0x0000000771c00000,0x0000000772600000)
 ParOldGen       total 171008K, used 8K [0x00000006c7800000, 0x00000006d1f00000, 0x000000076d300000)
  object space 171008K, 0% used [0x00000006c7800000,0x00000006c7802000,0x00000006d1f00000)
 Metaspace       used 13590K, capacity 14028K, committed 14208K, reserved 1060864K
  class space    used 1715K, capacity 1831K, committed 1920K, reserved 1048576K
Event: 0.884 GC heap after
Heap after GC invocations=2 (full 0):
 PSYoungGen      total 74752K, used 7445K [0x000000076d300000, 0x0000000776500000, 0x00000007c0000000)
  eden space 64512K, 0% used [0x000000076d300000,0x000000076d300000,0x0000000771200000)
  from space 10240K, 72% used [0x0000000771c00000,0x0000000772345640,0x0000000772600000)
  to   space 10240K, 0% used [0x0000000771200000,0x0000000771200000,0x0000000771c00000)
 ParOldGen       total 171008K, used 16K [0x00000006c7800000, 0x00000006d1f00000, 0x000000076d300000)
  object space 171008K, 0% used [0x00000006c7800000,0x00000006c7804000,0x00000006d1f00000)
 Metaspace       used 13590K, capacity 14028K, committed 14208K, reserved 1060864K
  class space    used 1715K, capacity 1831K, committed 1920K, reserved 1048576K
}

Deoptimization events (10 events):
Event: 0.074 Thread 0x00007f3ccc011800 Uncommon trap: reason=unstable_if action=reinterpret pc=0x00007f3cbc6b6f98 method=java.lang.String.hashCode()I @ 14
Event: 0.543 Thread 0x00007f3c5c003000 Uncommon trap: reason=class_check action=maybe_recompile pc=0x00007f3cbc7a0e0c method=sun.misc.URLClassPath.getLoader(I)Lsun/misc/URLClassPath$Loader; @ 94
Event: 0.571 Thread 0x00007f3c5c003000 Uncommon trap: reason=unstable_if action=reinterpret pc=0x00007f3cbc761a58 method=java.lang.String.indexOf([CII[CIII)I @ 3
Event: 0.587 Thread 0x00007f3c5002a800 Uncommon trap: reason=range_check action=make_not_entrant pc=0x00007f3cbc852cc8 method=sun.reflect.generics.parser.SignatureParser.current()C @ 34
Event: 0.684 Thread 0x00007f3c5002a800 Uncommon trap: reason=unstable_if action=reinterpret pc=0x00007f3cbc8d2ca4 method=sun.net.www.ParseUtil.encodePath(Ljava/lang/String;Z)Ljava/lang/String; @ 109
Event: 0.799 Thread 0x00007f3c5c003000 Uncommon trap: reason=predicate action=maybe_recompile pc=0x00007f3cbc969c68 method=java.lang.String.regionMatches(ZILjava/lang/String;II)Z @ 63
Event: 0.887 Thread 0x00007f3c5002a800 Uncommon trap: reason=unstable_if action=reinterpret pc=0x00007f3cbc9ae3e4 method=java.util.concurrent.ConcurrentHashMap.addCount(JI)V @ 168
Event: 0.936 Thread 0x00007f3c5002a800 Uncommon trap: reason=class_check action=maybe_recompile pc=0x00007f3cbc97aa54 method=java.util.HashMap.putVal(ILjava/lang/Object;Ljava/lang/Object;ZZ)Ljava/lang/Object; @ 203
Event: 0.938 Thread 0x00007f3c5002a800 Uncommon trap: reason=class_check action=maybe_recompile pc=0x00007f3cbc97aa54 method=java.util.HashMap.putVal(ILjava/lang/Object;Ljava/lang/Object;ZZ)Ljava/lang/Object; @ 203
Event: 0.939 Thread 0x00007f3c5002a800 Uncommon trap: reason=class_check action=maybe_recompile pc=0x00007f3cbc97aa54 method=java.util.HashMap.putVal(ILjava/lang/Object;Ljava/lang/Object;ZZ)Ljava/lang/Object; @ 203

Classes redefined (0 events):
No events

Internal exceptions (10 events):
Event: 0.469 Thread 0x00007f3ccc011800 Exception <a 'java/lang/ArrayIndexOutOfBoundsException'> (0x000000076ea45fb8) thrown at [/build/openjdk-8-nxKaDu/openjdk-8-8u265-b01/src/hotspot/src/share/vm/runtime/sharedRuntime.cpp, line 605]
Event: 0.470 Thread 0x00007f3ccc011800 Exception <a 'java/lang/ArrayIndexOutOfBoundsException'> (0x000000076ea59060) thrown at [/build/openjdk-8-nxKaDu/openjdk-8-8u265-b01/src/hotspot/src/share/vm/runtime/sharedRuntime.cpp, line 605]
Event: 0.470 Thread 0x00007f3ccc011800 Exception <a 'java/lang/ArrayIndexOutOfBoundsException'> (0x000000076ea5aa30) thrown at [/build/openjdk-8-nxKaDu/openjdk-8-8u265-b01/src/hotspot/src/share/vm/runtime/sharedRuntime.cpp, line 605]
Event: 0.470 Thread 0x00007f3ccc011800 Exception <a 'java/lang/ArrayIndexOutOfBoundsException'> (0x000000076ea63c78) thrown at [/build/openjdk-8-nxKaDu/openjdk-8-8u265-b01/src/hotspot/src/share/vm/runtime/sharedRuntime.cpp, line 605]
Event: 0.470 Thread 0x00007f3ccc011800 Exception <a 'java/lang/ArrayIndexOutOfBoundsException'> (0x000000076ea65808) thrown at [/build/openjdk-8-nxKaDu/openjdk-8-8u265-b01/src/hotspot/src/share/vm/runtime/sharedRuntime.cpp, line 605]
Event: 0.541 Thread 0x00007f3ccc9da000 Exception <a 'java/lang/NoSuchMethodError': java.lang.Object.lambda$static$0(Ljava/lang/Throwable;)Lorg/springframework/boot/devtools/restart/FailureHandler$Outcome;> (0x000000076d9fdfd8) thrown at [/build/openjdk-8-nxKaDu/openjdk-8-8u265-b01/src/hotspot/
Event: 0.587 Thread 0x00007f3c5002a800 Exception <a 'java/lang/ArrayIndexOutOfBoundsException': 182> (0x000000076e07c8c8) thrown at [/build/openjdk-8-nxKaDu/openjdk-8-8u265-b01/src/hotspot/src/share/vm/interpreter/interpreterRuntime.cpp, line 368]
Event: 0.587 Thread 0x00007f3c5002a800 Exception <a 'java/lang/ArrayIndexOutOfBoundsException': 60> (0x000000076e07da10) thrown at [/build/openjdk-8-nxKaDu/openjdk-8-8u265-b01/src/hotspot/src/share/vm/interpreter/interpreterRuntime.cpp, line 368]
Event: 0.589 Thread 0x00007f3c5c003000 Exception <a 'java/io/FileNotFoundException'> (0x000000076dfe8d20) thrown at [/build/openjdk-8-nxKaDu/openjdk-8-8u265-b01/src/hotspot/src/share/vm/prims/jni.cpp, line 711]
Event: 0.700 Thread 0x00007f3c5c003000 Exception <a 'java/lang/NoSuchMethodError': java.lang.Object.lambda$chars$0()Ljava/util/Spliterator$OfInt;> (0x000000076f07f550) thrown at [/build/openjdk-8-nxKaDu/openjdk-8-8u265-b01/src/hotspot/src/share/vm/interpreter/linkResolver.cpp, line 620]

Events (10 events):
Event: 0.960 loading class org/springframework/core/type/filter/AbstractTypeHierarchyTraversingFilter
Event: 0.960 loading class org/springframework/core/type/filter/AbstractTypeHierarchyTraversingFilter done
Event: 0.961 loading class org/springframework/core/type/filter/TypeFilter
Event: 0.961 loading class org/springframework/core/type/filter/TypeFilter done
Event: 0.961 loading class org/springframework/http/HttpLogging
Event: 0.961 loading class org/springframework/http/HttpLogging done
Event: 0.961 loading class org/springframework/stereotype/Component
Event: 0.961 loading class org/springframework/stereotype/Component done
Event: 0.961 loading class org/springframework/core/log/LogDelegateFactory
Event: 0.961 loading class org/springframework/core/log/LogDelegateFactory done


Dynamic libraries:
6c7800000-6d1f00000 rw-p 00000000 00:00 0 
6d1f00000-76d300000 ---p 00000000 00:00 0 
76d300000-776500000 rw-p 00000000 00:00 0 
776500000-7c0000000 ---p 00000000 00:00 0 
7c0000000-7c0220000 rw-p 00000000 00:00 0 
7c0220000-800000000 ---p 00000000 00:00 0 
55e8893ea000-55e8893eb000 r-xp 00000000 103:02 19268014                  /usr/lib/jvm/java-8-openjdk-amd64/jre/bin/java
55e8895ea000-55e8895eb000 r--p 00000000 103:02 19268014                  /usr/lib/jvm/java-8-openjdk-amd64/jre/bin/java
55e8895eb000-55e8895ec000 rw-p 00001000 103:02 19268014                  /usr/lib/jvm/java-8-openjdk-amd64/jre/bin/java
55e88ac81000-55e88aca2000 rw-p 00000000 00:00 0                          [heap]
7f3c50000000-7f3c501b7000 rw-p 00000000 00:00 0 
7f3c501b7000-7f3c54000000 ---p 00000000 00:00 0 
7f3c54000000-7f3c54223000 rw-p 00000000 00:00 0 
7f3c54223000-7f3c58000000 ---p 00000000 00:00 0 
7f3c58000000-7f3c58021000 rw-p 00000000 00:00 0 
7f3c58021000-7f3c5c000000 ---p 00000000 00:00 0 
7f3c5c000000-7f3c5c021000 rw-p 00000000 00:00 0 
7f3c5c021000-7f3c60000000 ---p 00000000 00:00 0 
7f3c60000000-7f3c6024d000 rw-p 00000000 00:00 0 
7f3c6024d000-7f3c64000000 ---p 00000000 00:00 0 
7f3c64000000-7f3c64021000 rw-p 00000000 00:00 0 
7f3c64021000-7f3c68000000 ---p 00000000 00:00 0 
7f3c68000000-7f3c68311000 rw-p 00000000 00:00 0 
7f3c68311000-7f3c6c000000 ---p 00000000 00:00 0 
7f3c6c000000-7f3c6c16b000 rw-p 00000000 00:00 0 
7f3c6c16b000-7f3c70000000 ---p 00000000 00:00 0 
7f3c70000000-7f3c70021000 rw-p 00000000 00:00 0 
7f3c70021000-7f3c74000000 ---p 00000000 00:00 0 
7f3c74000000-7f3c7428b000 rw-p 00000000 00:00 0 
7f3c7428b000-7f3c78000000 ---p 00000000 00:00 0 
7f3c78000000-7f3c78021000 rw-p 00000000 00:00 0 
7f3c78021000-7f3c7c000000 ---p 00000000 00:00 0 
7f3c7c000000-7f3c7c021000 rw-p 00000000 00:00 0 
7f3c7c021000-7f3c80000000 ---p 00000000 00:00 0 
7f3c80000000-7f3c80021000 rw-p 00000000 00:00 0 
7f3c80021000-7f3c84000000 ---p 00000000 00:00 0 
7f3c84000000-7f3c84021000 rw-p 00000000 00:00 0 
7f3c84021000-7f3c88000000 ---p 00000000 00:00 0 
7f3c88000000-7f3c88021000 rw-p 00000000 00:00 0 
7f3c88021000-7f3c8c000000 ---p 00000000 00:00 0 
7f3c8c3c0000-7f3c94000000 rw-p 00000000 00:00 0 
7f3c94000000-7f3c94021000 rw-p 00000000 00:00 0 
7f3c94021000-7f3c98000000 ---p 00000000 00:00 0 
7f3c98000000-7f3c98021000 rw-p 00000000 00:00 0 
7f3c98021000-7f3c9c000000 ---p 00000000 00:00 0 
7f3c9c000000-7f3c9c021000 rw-p 00000000 00:00 0 
7f3c9c021000-7f3ca0000000 ---p 00000000 00:00 0 
7f3ca4000000-7f3ca4021000 rw-p 00000000 00:00 0 
7f3ca4021000-7f3ca8000000 ---p 00000000 00:00 0 
7f3cac000000-7f3cac021000 rw-p 00000000 00:00 0 
7f3cac021000-7f3cb0000000 ---p 00000000 00:00 0 
7f3cb164d000-7f3cb17cd000 rw-p 00000000 00:00 0 
7f3cb17cd000-7f3cb184d000 ---p 00000000 00:00 0 
7f3cb184d000-7f3cb1864000 r-xp 00000000 103:02 20054265                  /lib/x86_64-linux-gnu/libresolv-2.27.so
7f3cb1864000-7f3cb1a63000 ---p 00017000 103:02 20054265                  /lib/x86_64-linux-gnu/libresolv-2.27.so
7f3cb1a63000-7f3cb1a64000 r--p 00016000 103:02 20054265                  /lib/x86_64-linux-gnu/libresolv-2.27.so
7f3cb1a64000-7f3cb1a65000 rw-p 00017000 103:02 20054265                  /lib/x86_64-linux-gnu/libresolv-2.27.so
7f3cb1a65000-7f3cb1a67000 rw-p 00000000 00:00 0 
7f3cb1a67000-7f3cb1a6c000 r-xp 00000000 103:02 20054251                  /lib/x86_64-linux-gnu/libnss_dns-2.27.so
7f3cb1a6c000-7f3cb1c6c000 ---p 00005000 103:02 20054251                  /lib/x86_64-linux-gnu/libnss_dns-2.27.so
7f3cb1c6c000-7f3cb1c6d000 r--p 00005000 103:02 20054251                  /lib/x86_64-linux-gnu/libnss_dns-2.27.so
7f3cb1c6d000-7f3cb1c6e000 rw-p 00006000 103:02 20054251                  /lib/x86_64-linux-gnu/libnss_dns-2.27.so
7f3cb1c6e000-7f3cb1c70000 r-xp 00000000 103:02 20059146                  /lib/x86_64-linux-gnu/libnss_mdns4_minimal.so.2
7f3cb1c70000-7f3cb1e6f000 ---p 00002000 103:02 20059146                  /lib/x86_64-linux-gnu/libnss_mdns4_minimal.so.2
7f3cb1e6f000-7f3cb1e70000 r--p 00001000 103:02 20059146                  /lib/x86_64-linux-gnu/libnss_mdns4_minimal.so.2
7f3cb1e70000-7f3cb1e71000 rw-p 00002000 103:02 20059146                  /lib/x86_64-linux-gnu/libnss_mdns4_minimal.so.2
7f3cb1e88000-7f3cb1e91000 r-xp 00000000 103:02 19400869                  /usr/lib/jvm/java-8-openjdk-amd64/jre/lib/amd64/libmanagement.so
7f3cb1e91000-7f3cb2090000 ---p 00009000 103:02 19400869                  /usr/lib/jvm/java-8-openjdk-amd64/jre/lib/amd64/libmanagement.so
7f3cb2090000-7f3cb2091000 r--p 00008000 103:02 19400869                  /usr/lib/jvm/java-8-openjdk-amd64/jre/lib/amd64/libmanagement.so
7f3cb2091000-7f3cb2092000 rw-p 00009000 103:02 19400869                  /usr/lib/jvm/java-8-openjdk-amd64/jre/lib/amd64/libmanagement.so
7f3cb2092000-7f3cb2292000 rw-p 00000000 00:00 0 
7f3cb2292000-7f3cb2492000 rw-p 00000000 00:00 0 
7f3cb2492000-7f3cb2495000 ---p 00000000 00:00 0 
7f3cb2495000-7f3cb2593000 rw-p 00000000 00:00 0 
7f3cb2593000-7f3cb2596000 ---p 00000000 00:00 0 
7f3cb2596000-7f3cb2694000 rw-p 00000000 00:00 0 
7f3cb2694000-7f3cb2697000 ---p 00000000 00:00 0 
7f3cb2697000-7f3cb2795000 rw-p 00000000 00:00 0 
7f3cb2795000-7f3cb2797000 r--s 00006000 103:02 15995395                  /root/.m2/repository/org/apache/geronimo/specs/geronimo-jms_1.1_spec/1.1.1/geronimo-jms_1.1_spec-1.1.1.jar
7f3cb2797000-7f3cb279d000 r--s 00033000 103:02 15995336                  /root/.m2/repository/com/amazonaws/aws-java-sdk-sqs/1.9.6/aws-java-sdk-sqs-1.9.6.jar
7f3cb279d000-7f3cb279f000 r--s 00013000 103:02 15995397                  /root/.m2/repository/com/amazonaws/amazon-sqs-java-messaging-lib/1.0.0/amazon-sqs-java-messaging-lib-1.0.0.jar
7f3cb279f000-7f3cb27ad000 r--s 0008e000 103:02 15995345                  /root/.m2/repository/com/amazonaws/aws-java-sdk-rds/1.9.6/aws-java-sdk-rds-1.9.6.jar
7f3cb27ad000-7f3cb27b7000 r--s 00051000 103:02 15995339                  /root/.m2/repository/com/amazonaws/aws-java-sdk-codedeploy/1.9.6/aws-java-sdk-codedeploy-1.9.6.jar
7f3cb27b7000-7f3cb27bb000 r--s 00020000 103:02 15995341                  /root/.m2/repository/com/amazonaws/aws-java-sdk-logs/1.9.6/aws-java-sdk-logs-1.9.6.jar
7f3cb27bb000-7f3cb27cb000 r--s 0008d000 103:02 15995344                  /root/.m2/repository/com/amazonaws/aws-java-sdk-cloudsearch/1.9.6/aws-java-sdk-cloudsearch-1.9.6.jar
7f3cb27cb000-7f3cb27d1000 r--s 00036000 103:02 15995333                  /root/.m2/repository/com/amazonaws/aws-java-sdk-kms/1.9.6/aws-java-sdk-kms-1.9.6.jar
7f3cb27d1000-7f3cb27dc000 r--s 00074000 103:02 15995340                  /root/.m2/repository/com/amazonaws/aws-java-sdk-s3/1.9.6/aws-java-sdk-s3-1.9.6.jar
7f3cb27dc000-7f3cb27e2000 r--s 00030000 103:02 15995338                  /root/.m2/repository/com/amazonaws/aws-java-sdk-sns/1.9.6/aws-java-sdk-sns-1.9.6.jar
7f3cb27e2000-7f3cb27e8000 r--s 00037000 103:02 15995334                  /root/.m2/repository/com/amazonaws/aws-java-sdk-glacier/1.9.6/aws-java-sdk-glacier-1.9.6.jar
7f3cb27e8000-7f3cb27f9000 r--s 0008c000 103:02 15995332                  /root/.m2/repository/com/amazonaws/aws-java-sdk-iam/1.9.6/aws-java-sdk-iam-1.9.6.jar
7f3cb27f9000-7f3cb27fe000 r--s 00020000 103:02 15995328                  /root/.m2/repository/com/amazonaws/aws-java-sdk-cognitoidentity/1.9.6/aws-java-sdk-cognitoidentity-1.9.6.jar
7f3cb27fe000-7f3cb2808000 r--s 0005e000 103:02 15995326                  /root/.m2/repository/com/amazonaws/aws-java-sdk-autoscaling/1.9.6/aws-java-sdk-autoscaling-1.9.6.jar
7f3cb2808000-7f3cb280c000 r--s 0001f000 103:02 15995324                  /root/.m2/repository/com/amazonaws/aws-java-sdk-lambda/1.9.6/aws-java-sdk-lambda-1.9.6.jar
7f3cb280c000-7f3cb2811000 r--s 00029000 103:02 15995322                  /root/.m2/repository/com/amazonaws/aws-java-sdk-datapipeline/1.9.6/aws-java-sdk-datapipeline-1.9.6.jar
7f3cb2811000-7f3cb2821000 r--s 00081000 103:02 15995320                  /root/.m2/repository/com/amazonaws/aws-java-sdk-redshift/1.9.6/aws-java-sdk-redshift-1.9.6.jar
7f3cb2821000-7f3cb282a000 r--s 0004e000 103:02 15995318                  /root/.m2/repository/com/amazonaws/aws-java-sdk-elasticbeanstalk/1.9.6/aws-java-sdk-elasticbeanstalk-1.9.6.jar
7f3cb282a000-7f3cb2830000 r--s 00033000 103:02 15995314                  /root/.m2/repository/com/amazonaws/aws-java-sdk-directconnect/1.9.6/aws-java-sdk-directconnect-1.9.6.jar
7f3cb2830000-7f3cb2835000 r--s 0002b000 103:02 15995313                  /root/.m2/repository/com/amazonaws/aws-java-sdk-cloudformation/1.9.6/aws-java-sdk-cloudformation-1.9.6.jar
7f3cb2835000-7f3cb2848000 r--s 000a0000 103:02 15995310                  /root/.m2/repository/com/amazonaws/aws-java-sdk-cloudfront/1.9.6/aws-java-sdk-cloudfront-1.9.6.jar
7f3cb2848000-7f3cb284d000 r--s 0002e000 103:02 15995312                  /root/.m2/repository/com/amazonaws/aws-java-sdk-support/1.9.6/aws-java-sdk-support-1.9.6.jar
7f3cb284d000-7f3cb2852000 r--s 00027000 103:02 15995308                  /root/.m2/repository/com/amazonaws/aws-java-sdk-ses/1.9.6/aws-java-sdk-ses-1.9.6.jar
7f3cb2852000-7f3cb285d000 r--s 0006c000 103:02 15995306                  /root/.m2/repository/com/amazonaws/aws-java-sdk-storagegateway/1.9.6/aws-java-sdk-storagegateway-1.9.6.jar
7f3cb285d000-7f3cb286b000 r--s 00079000 103:02 15995304                  /root/.m2/repository/com/amazonaws/aws-java-sdk-route53/1.9.6/aws-java-sdk-route53-1.9.6.jar
7f3cb286b000-7f3cb2878000 r--s 0008a000 103:02 15995302                  /root/.m2/repository/com/amazonaws/aws-java-sdk-dynamodb/1.9.6/aws-java-sdk-dynamodb-1.9.6.jar
7f3cb2878000-7f3cb287c000 r--s 0001f000 103:02 15995303                  /root/.m2/repository/com/amazonaws/aws-java-sdk-cloudwatch/1.9.6/aws-java-sdk-cloudwatch-1.9.6.jar
7f3cb287c000-7f3cb287e000 r--s 0000a000 103:02 15995298                  /root/.m2/repository/com/amazonaws/aws-java-sdk-cloudwatchmetrics/1.9.6/aws-java-sdk-cloudwatchmetrics-1.9.6.jar
7f3cb287e000-7f3cb2881000 r--s 00014000 103:02 15995294                  /root/.m2/repository/com/amazonaws/aws-java-sdk-cloudtrail/1.9.6/aws-java-sdk-cloudtrail-1.9.6.jar
7f3cb2881000-7f3cb2885000 r--s 00010000 103:02 15995290                  /root/.m2/repository/com/amazonaws/aws-java-sdk-importexport/1.9.6/aws-java-sdk-importexport-1.9.6.jar
7f3cb2885000-7f3cb2888000 r--s 00014000 103:02 15995296                  /root/.m2/repository/com/amazonaws/aws-java-sdk-sts/1.9.6/aws-java-sdk-sts-1.9.6.jar
7f3cb2888000-7f3cb288c000 r--s 0001b000 103:02 15995288                  /root/.m2/repository/com/amazonaws/aws-java-sdk-simpledb/1.9.6/aws-java-sdk-simpledb-1.9.6.jar
7f3cb288c000-7f3cb2891000 r--s 00026000 103:02 15995292                  /root/.m2/repository/com/amazonaws/aws-java-sdk-cognitosync/1.9.6/aws-java-sdk-cognitosync-1.9.6.jar
7f3cb2891000-7f3cb289c000 r--s 0005d000 103:02 15995286                  /root/.m2/repository/com/amazonaws/aws-java-sdk-elasticache/1.9.6/aws-java-sdk-elasticache-1.9.6.jar
7f3cb289c000-7f3cb28a6000 r--s 0004c000 103:02 15995282                  /root/.m2/repository/com/amazonaws/aws-java-sdk-elasticloadbalancing/1.9.6/aws-java-sdk-elasticloadbalancing-1.9.6.jar
7f3cb28a6000-7f3cb28aa000 r--s 0001c000 103:02 15995280                  /root/.m2/repository/com/amazonaws/aws-java-sdk-kinesis/1.9.6/aws-java-sdk-kinesis-1.9.6.jar
7f3cb28aa000-7f3cb28b6000 r--s 0008d000 103:02 15995284                  /root/.m2/repository/com/amazonaws/aws-java-sdk-opsworks/1.9.6/aws-java-sdk-opsworks-1.9.6.jar
7f3cb28b6000-7f3cb28c2000 r--s 0007d000 103:02 15995277                  /root/.m2/repository/com/amazonaws/aws-java-sdk-simpleworkflow/1.9.6/aws-java-sdk-simpleworkflow-1.9.6.jar
7f3cb28c2000-7f3cb28ce000 r--s 00070000 103:02 15995270                  /root/.m2/repository/com/amazonaws/aws-java-sdk-swf-libraries/1.9.6/aws-java-sdk-swf-libraries-1.9.6.jar
7f3cb28ce000-7f3cb28d6000 r--s 0004e000 103:02 15995276                  /root/.m2/repository/com/amazonaws/aws-java-sdk-emr/1.9.6/aws-java-sdk-emr-1.9.6.jar
7f3cb28d6000-7f3cb28db000 r--s 00023000 103:02 15995275                  /root/.m2/repository/com/amazonaws/aws-java-sdk-config/1.9.6/aws-java-sdk-config-1.9.6.jar
7f3cb28db000-7f3cb28fc000 r--s 0017e000 103:02 15995272                  /root/.m2/repository/com/amazonaws/aws-java-sdk-ec2/1.9.6/aws-java-sdk-ec2-1.9.6.jar
7f3cb28fc000-7f3cb290c000 r--s 0008d000 103:02 15863448                  /root/.m2/repository/joda-time/joda-time/2.10.5/joda-time-2.10.5.jar
7f3cb290c000-7f3cb2913000 r--s 0004e000 103:02 15863445                  /root/.m2/repository/commons-codec/commons-codec/1.13/commons-codec-1.13.jar
7f3cb2913000-7f3cb291b000 r--s 00049000 103:02 15863444                  /root/.m2/repository/org/apache/httpcomponents/httpcore/4.4.13/httpcore-4.4.13.jar
7f3cb291b000-7f3cb2928000 r--s 000b1000 103:02 15863443                  /root/.m2/repository/org/apache/httpcomponents/httpclient/4.5.10/httpclient-4.5.10.jar
7f3cb2928000-7f3cb292a000 r--s 0000e000 103:02 15863446                  /root/.m2/repository/commons-logging/commons-logging/1.1.3/commons-logging-1.1.3.jar
7f3cb292a000-7f3cb2934000 r--s 00068000 103:02 15995269                  /root/.m2/repository/com/amazonaws/aws-java-sdk-core/1.9.6/aws-java-sdk-core-1.9.6.jar
7f3cb2934000-7f3cb293a000 r--s 0003f000 103:02 15995268                  /root/.m2/repository/com/amazonaws/aws-java-sdk-elastictranscoder/1.9.6/aws-java-sdk-elastictranscoder-1.9.6.jar
7f3cb293a000-7f3cb293b000 r--s 00000000 103:02 15995265                  /root/.m2/repository/com/amazonaws/aws-java-sdk/1.9.6/aws-java-sdk-1.9.6.jar
7f3cb293b000-7f3cb2944000 r--s 00044000 103:02 15862428                  /root/.m2/repository/org/springframework/spring-tx/5.2.3.RELEASE/spring-tx-5.2.3.RELEASE.jar
7f3cb2944000-7f3cb2950000 r--s 00079000 103:02 15995264                  /root/.m2/repository/org/springframework/spring-messaging/5.2.3.RELEASE/spring-messaging-5.2.3.RELEASE.jar
7f3cb2950000-7f3cb2951000 r--s 00005000 103:02 15862553                  /root/.m2/repository/org/springframework/spring-jcl/5.2.3.RELEASE/spring-jcl-5.2.3.RELEASE.jar
7f3cb2951000-7f3cb296c000 r--s 00144000 103:02 15862543                  /root/.m2/repository/org/springframework/spring-core/5.2.3.RELEASE/spring-core-5.2.3.RELEASE.jar
7f3cb296c000-7f3cb2979000 r--s 0009b000 103:02 15862354                  /root/.m2/repository/org/springframework/spring-beans/5.2.3.RELEASE/spring-beans-5.2.3.RELEASE.jar
7f3cb2979000-7f3cb297f000 r--s 0003a000 103:02 15995262                  /root/.m2/repository/org/springframework/spring-jms/5.2.3.RELEASE/spring-jms-5.2.3.RELEASE.jar
7f3cb297f000-7f3cb2999000 r--s 0013b000 103:02 15992792                  /root/.m2/repository/io/lettuce/lettuce-core/5.2.1.RELEASE/lettuce-core-5.2.1.RELEASE.jar
7f3cb2999000-7f3cb299e000 r--s 00028000 103:02 15992790                  /root/.m2/repository/org/springframework/spring-context-support/5.2.3.RELEASE/spring-context-support-5.2.3.RELEASE.jar
7f3cb299e000-7f3cb29a0000 r--s 0000e000 103:02 15992788                  /root/.m2/repository/org/springframework/spring-oxm/5.2.3.RELEASE/spring-oxm-5.2.3.RELEASE.jar
7f3cb29a0000-7f3cb29a4000 r--s 00017000 103:02 15992786                  /root/.m2/repository/org/springframework/data/spring-data-keyvalue/2.2.4.RELEASE/spring-data-keyvalue-2.2.4.RELEASE.jar
7f3cb29a4000-7f3cb29c6000 r--s 00198000 103:02 15992784                  /root/.m2/repository/org/springframework/data/spring-data-redis/2.2.4.RELEASE/spring-data-redis-2.2.4.RELEASE.jar
7f3cb29c6000-7f3cb29c7000 r--s 00000000 103:02 15863313                  /root/.m2/repository/org/springframework/boot/spring-boot-starter-data-redis/2.2.4.RELEASE/spring-boot-starter-data-redis-2.2.4.RELEASE.jar
7f3cb29c7000-7f3cb29cd000 r--s 00048000 103:02 15863321                  /root/.m2/repository/io/netty/netty-codec/4.1.45.Final/netty-codec-4.1.45.Final.jar
7f3cb29cd000-7f3cb29d5000 r--s 00066000 103:02 15863317                  /root/.m2/repository/io/netty/netty-handler/4.1.45.Final/netty-handler-4.1.45.Final.jar
7f3cb29d5000-7f3cb29d7000 r--s 00007000 103:02 15863325                  /root/.m2/repository/io/netty/netty-resolver/4.1.45.Final/netty-resolver-4.1.45.Final.jar
7f3cb29d7000-7f3cb29da000 r--s 00041000 103:02 15863319                  /root/.m2/repository/io/netty/netty-buffer/4.1.45.Final/netty-buffer-4.1.45.Final.jar
7f3cb29da000-7f3cb29e4000 r--s 0006a000 103:02 15863323                  /root/.m2/repository/io/netty/netty-transport/4.1.45.Final/netty-transport-4.1.45.Final.jar
7f3cb29e4000-7f3cb29f1000 r--s 00089000 103:02 15863315                  /root/.m2/repository/io/netty/netty-common/4.1.45.Final/netty-common-4.1.45.Final.jar
7f3cb29f1000-7f3cb29f2000 r--s 00002000 103:02 15992796                  /root/.m2/repository/org/reactivestreams/reactive-streams/1.0.3/reactive-streams-1.0.3.jar
7f3cb29f2000-7f3cb2a07000 r--s 00162000 103:02 15992794                  /root/.m2/repository/io/projectreactor/reactor-core/3.3.2.RELEASE/reactor-core-3.3.2.RELEASE.jar
7f3cb2a07000-7f3cb2a1a000 r--s 000d7000 103:02 15993882                  /root/.m2/repository/biz/paluch/redis/lettuce/5.0.0.Beta1/lettuce-5.0.0.Beta1.jar
7f3cb2a1a000-7f3cb2a1d000 r--s 0001d000 103:02 15993897                  /root/.m2/repository/org/apache/commons/commons-pool2/2.7.0/commons-pool2-2.7.0.jar
7f3cb2a1d000-7f3cb2a1f000 r--s 00009000 103:02 15862451                  /root/.m2/repository/org/slf4j/slf4j-api/1.7.30/slf4j-api-1.7.30.jar
7f3cb2a1f000-7f3cb2a2d000 r--s 00098000 103:02 15993895                  /root/.m2/repository/redis/clients/jedis/3.3.0/jedis-3.3.0.jar
7f3cb2a2d000-7f3cb2a44000 r--s 00198000 103:02 15862471                  /root/.m2/repository/org/projectlombok/lombok/1.18.10/lombok-1.18.10.jar
7f3cb2a44000-7f3cb2a6c000 r--s 0012c000 103:02 15862465                  /root/.m2/repository/org/springframework/boot/spring-boot-autoconfigure/2.2.4.RELEASE/spring-boot-autoconfigure-2.2.4.RELEASE.jar
7f3cb2a6c000-7f3cb2a83000 r--s 000e8000 103:02 15862458                  /root/.m2/repository/org/springframework/boot/spring-boot/2.2.4.RELEASE/spring-boot-2.2.4.RELEASE.jar
7f3cb2a83000-7f3cb2a89000 r--s 00030000 103:02 15862455                  /root/.m2/repository/org/springframework/boot/spring-boot-devtools/2.2.4.RELEASE/spring-boot-devtools-2.2.4.RELEASE.jar
7f3cb2a89000-7f3cb2aa0000 r--s 001f2000 103:02 15863234                  /root/.m2/repository/mysql/mysql-connector-java/8.0.13/mysql-connector-java-8.0.13.jar
7f3cb2aa0000-7f3cb2aa2000 r--s 0000a000 103:02 15863232                  /root/.m2/repository/org/springframework/spring-aspects/5.2.3.RELEASE/spring-aspects-5.2.3.RELEASE.jar
7f3cb2aa2000-7f3cb2aa7000 r--s 0002d000 103:02 15863230                  /root/.m2/repository/org/springframework/spring-orm/5.2.3.RELEASE/spring-orm-5.2.3.RELEASE.jar
7f3cb2aa7000-7f3cb2ac0000 r--s 00110000 103:02 15862439                  /root/.m2/repository/org/springframework/data/spring-data-commons/2.2.4.RELEASE/spring-data-commons-2.2.4.RELEASE.jar
7f3cb2ac0000-7f3cb2ac9000 r--s 00051000 103:02 15863228                  /root/.m2/repository/org/springframework/data/spring-data-jpa/2.2.4.RELEASE/spring-data-jpa-2.2.4.RELEASE.jar
7f3cb2ac9000-7f3cb2ace000 r--s 00049000 103:02 15863226                  /root/.m2/repository/com/sun/xml/fastinfoset/FastInfoset/1.2.16/FastInfoset-1.2.16.jar
7f3cb2ace000-7f3cb2ad0000 r--s 00008000 103:02 15863224                  /root/.m2/repository/org/jvnet/staxex/stax-ex/1.8.1/stax-ex-1.8.1.jar
7f3cb2ad0000-7f3cb2ad2000 r--s 00005000 103:02 15863222                  /root/.m2/repository/com/sun/istack/istack-commons-runtime/3.0.8/istack-commons-runtime-3.0.8.jar
7f3cb2ad2000-7f3cb2ad4000 r--s 00010000 103:02 15863220                  /root/.m2/repository/org/glassfish/jaxb/txw2/2.3.2/txw2-2.3.2.jar
7f3cb2ad4000-7f3cb2ad8000 r--s 00019000 103:02 15862482                  /root/.m2/repository/jakarta/xml/bind/jakarta.xml.bind-api/2.3.2/jakarta.xml.bind-api-2.3.2.jar
7f3cb2ad8000-7f3cb2aed000 r--s 000e3000 103:02 15863218                  /root/.m2/repository/org/glassfish/jaxb/jaxb-runtime/2.3.2/jaxb-runtime-2.3.2.jar
7f3cb2aed000-7f3cb2af0000 r--s 00010000 103:02 15863216                  /root/.m2/repository/org/hibernate/common/hibernate-commons-annotations/5.1.0.Final/hibernate-commons-annotations-5.1.0.Final.jar
7f3cb2af0000-7f3cb2af5000 r--s 0004b000 103:02 15863214                  /root/.m2/repository/org/dom4j/dom4j/2.1.1/dom4j-2.1.1.jar
7f3cb2af5000-7f3cb2af7000 r--s 0000f000 103:02 15862347                  /root/.m2/repository/com/fasterxml/classmate/1.5.1/classmate-1.5.1.jar
7f3cb2af7000-7f3cb2afa000 r--s 0002d000 103:02 15863212                  /root/.m2/repository/org/jboss/jandex/2.1.1.Final/jandex-2.1.1.Final.jar
7f3cb2afa000-7f3cb2aff000 r--s 00068000 103:02 15863210                  /root/.m2/repository/antlr/antlr/2.7.7/antlr-2.7.7.jar
7f3cb2aff000-7f3cb2b47000 r--s 002e9000 103:02 15862517                  /root/.m2/repository/net/bytebuddy/byte-buddy/1.10.6/byte-buddy-1.10.6.jar
7f3cb2b47000-7f3cb2b51000 r--s 000b4000 103:02 15863208                  /root/.m2/repository/org/javassist/javassist/3.24.0-GA/javassist-3.24.0-GA.jar
7f3cb2b51000-7f3cb2b53000 r--s 0000d000 103:02 15862345                  /root/.m2/repository/org/jboss/logging/jboss-logging/3.4.1.Final/jboss-logging-3.4.1.Final.jar
7f3cb2b53000-7f3cb2bd8000 r--s 0064f000 103:02 15863206                  /root/.m2/repository/org/hibernate/hibernate-core/5.4.10.Final/hibernate-core-5.4.10.Final.jar
7f3cb2bd8000-7f3cb2bd9000 r--s 00003000 103:02 15863204                  /root/.m2/repository/jakarta/transaction/jakarta.transaction-api/1.3.3/jakarta.transaction-api-1.3.3.jar
7f3cb2bd9000-7f3cb2bdf000 r--s 00023000 103:02 15863202                  /root/.m2/repository/jakarta/persistence/jakarta.persistence-api/2.2.3/jakarta.persistence-api-2.2.3.jar
7f3cb2bdf000-7f3cb2be1000 r--s 00009000 103:02 15862484                  /root/.m2/repository/jakarta/activation/jakarta.activation-api/1.2.1/jakarta.activation-api-1.2.1.jar
7f3cb2be1000-7f3cb2beb000 r--s 0005a000 103:02 15863200                  /root/.m2/repository/org/springframework/spring-jdbc/5.2.3.RELEASE/spring-jdbc-5.2.3.RELEASE.jar
7f3cb2beb000-7f3cb2bee000 r--s 00023000 103:02 15863198                  /root/.m2/repository/com/zaxxer/HikariCP/3.4.2/HikariCP-3.4.2.jar
7f3cb2bee000-7f3cb2bef000 r--s 00000000 103:02 15863196                  /root/.m2/repository/org/springframework/boot/spring-boot-starter-jdbc/2.2.4.RELEASE/spring-boot-starter-jdbc-2.2.4.RELEASE.jar
7f3cb2bef000-7f3cb2c08000 r--s 001da000 103:02 15863194                  /root/.m2/repository/org/aspectj/aspectjweaver/1.9.5/aspectjweaver-1.9.5.jar
7f3cb2c08000-7f3cb2c09000 r--s 00000000 103:02 15863192                  /root/.m2/repository/org/springframework/boot/spring-boot-starter-aop/2.2.4.RELEASE/spring-boot-starter-aop-2.2.4.RELEASE.jar
7f3cb2c09000-7f3cb2c0a000 r--s 00000000 103:02 15862197                  /root/.m2/repository/org/springframework/boot/spring-boot-starter-data-jpa/2.2.4.RELEASE/spring-boot-starter-data-jpa-2.2.4.RELEASE.jar
7f3cb2c0a000-7f3cb2c0f000 r--s 00040000 103:02 15862400                  /root/.m2/repository/org/springframework/spring-expression/5.2.3.RELEASE/spring-expression-5.2.3.RELEASE.jar
7f3cb2c0f000-7f3cb2c2b000 r--s 0010f000 103:02 15862383                  /root/.m2/repository/org/springframework/spring-context/5.2.3.RELEASE/spring-context-5.2.3.RELEASE.jar
7f3cb2c2b000-7f3cb2c34000 r--s 00052000 103:02 15862360                  /root/.m2/repository/org/springframework/spring-aop/5.2.3.RELEASE/spring-aop-5.2.3.RELEASE.jar
7f3cb2c34000-7f3cb2c47000 r--s 000d5000 103:02 15862358                  /root/.m2/repository/org/springframework/spring-webmvc/5.2.3.RELEASE/spring-webmvc-5.2.3.RELEASE.jar
7f3cb2c47000-7f3cb2c63000 r--s 00141000 103:02 15862351                  /root/.m2/repository/org/springframework/spring-web/5.2.3.RELEASE/spring-web-5.2.3.RELEASE.jar
7f3cb2c63000-7f3cb2c80000 r--s 000fe000 103:02 15862340                  /root/.m2/repository/org/hibernate/validator/hibernate-validator/6.0.18.Final/hibernate-validator-6.0.18.Final.jar
7f3cb2c80000-7f3cb2c85000 r--s 00012000 103:02 15862338                  /root/.m2/repository/jakarta/validation/jakarta.validation-api/2.0.2/jakarta.validation-api-2.0.2.jar
7f3cb2c85000-7f3cb2c8a000 r--s 0003c000 103:02 15862331                  /root/.m2/repository/org/apache/tomcat/embed/tomcat-embed-websocket/9.0.30/tomcat-embed-websocket-9.0.30.jar
7f3cb2c8a000-7f3cb2c8f000 r--s 0003a000 103:02 15862329                  /root/.m2/repository/org/apache/tomcat/embed/tomcat-embed-el/9.0.30/tomcat-embed-el-9.0.30.jar
7f3cb2c8f000-7f3cb2cb9000 r--s 00301000 103:02 15862308                  /root/.m2/repository/org/apache/tomcat/embed/tomcat-embed-core/9.0.30/tomcat-embed-core-9.0.30.jar
7f3cb2cb9000-7f3cb2cbb000 r--s 00001000 103:02 15862303                  /root/.m2/repository/com/fasterxml/jackson/module/jackson-module-parameter-names/2.10.2/jackson-module-parameter-names-2.10.2.jar
7f3cb2cbb000-7f3cb2cbe000 r--s 00017000 103:02 15862300                  /root/.m2/repository/com/fasterxml/jackson/datatype/jackson-datatype-jsr310/2.10.2/jackson-datatype-jsr310-2.10.2.jar
7f3cb2cbe000-7f3cb2cc0000 r--s 00007000 103:02 15862298                  /root/.m2/repository/com/fasterxml/jackson/datatype/jackson-datatype-jdk8/2.10.2/jackson-datatype-jdk8-2.10.2.jar
7f3cb2cc0000-7f3cb2cc5000 r--s 00051000 103:02 15862293                  /root/.m2/repository/com/fasterxml/jackson/core/jackson-core/2.10.2/jackson-core-2.10.2.jar
7f3cb2cc5000-7f3cb2cc8000 r--s 0000e000 103:02 15862287                  /root/.m2/repository/com/fasterxml/jackson/core/jackson-annotations/2.10.2/jackson-annotations-2.10.2.jar
7f3cb2cc8000-7f3cb2cdd000 r--s 00142000 103:02 15862275                  /root/.m2/repository/com/fasterxml/jackson/core/jackson-databind/2.10.2/jackson-databind-2.10.2.jar
7f3cb2cdd000-7f3cb2ce4000 r--s 00044000 103:02 15862267                  /root/.m2/repository/org/yaml/snakeyaml/1.25/snakeyaml-1.25.jar
7f3cb2ce4000-7f3cb2cea000 r--s 0003e000 103:02 15862257                  /root/.m2/repository/org/apache/logging/log4j/log4j-api/2.12.1/log4j-api-2.12.1.jar
7f3cb2cea000-7f3cb2d01000 r-xp 00000000 103:02 19400873                  /usr/lib/jvm/java-8-openjdk-amd64/jre/lib/amd64/libnet.so
7f3cb2d01000-7f3cb2f01000 ---p 00017000 103:02 19400873                  /usr/lib/jvm/java-8-openjdk-amd64/jre/lib/amd64/libnet.so
7f3cb2f01000-7f3cb2f02000 r--p 00017000 103:02 19400873                  /usr/lib/jvm/java-8-openjdk-amd64/jre/lib/amd64/libnet.so
7f3cb2f02000-7f3cb2f03000 rw-p 00018000 103:02 19400873                  /usr/lib/jvm/java-8-openjdk-amd64/jre/lib/amd64/libnet.so
7f3cb2f03000-7f3cb2f15000 r-xp 00000000 103:02 19400879                  /usr/lib/jvm/java-8-openjdk-amd64/jre/lib/amd64/libnio.so
7f3cb2f15000-7f3cb3114000 ---p 00012000 103:02 19400879                  /usr/lib/jvm/java-8-openjdk-amd64/jre/lib/amd64/libnio.so
7f3cb3114000-7f3cb3115000 r--p 00011000 103:02 19400879                  /usr/lib/jvm/java-8-openjdk-amd64/jre/lib/amd64/libnio.so
7f3cb3115000-7f3cb3116000 rw-p 00012000 103:02 19400879                  /usr/lib/jvm/java-8-openjdk-amd64/jre/lib/amd64/libnio.so
7f3cb3116000-7f3cb3117000 ---p 00000000 00:00 0 
7f3cb3117000-7f3cb3217000 rw-p 00000000 00:00 0 
7f3cb3217000-7f3cb321a000 ---p 00000000 00:00 0 
7f3cb321a000-7f3cb3318000 rw-p 00000000 00:00 0 
7f3cb3318000-7f3cb3319000 ---p 00000000 00:00 0 
7f3cb3319000-7f3cb331c000 ---p 00000000 00:00 0 
7f3cb331c000-7f3cb3419000 rw-p 00000000 00:00 0 
7f3cb3419000-7f3cb341a000 ---p 00000000 00:00 0 
7f3cb341a000-7f3cb341d000 ---p 00000000 00:00 0 
7f3cb341d000-7f3cb351a000 rw-p 00000000 00:00 0 
7f3cb351a000-7f3cb351b000 ---p 00000000 00:00 0 
7f3cb351b000-7f3cb351e000 ---p 00000000 00:00 0 
7f3cb351e000-7f3cb361b000 rw-p 00000000 00:00 0 
7f3cb361b000-7f3cb361c000 ---p 00000000 00:00 0 
7f3cb361c000-7f3cb361f000 ---p 00000000 00:00 0 
7f3cb361f000-7f3cb371c000 rw-p 00000000 00:00 0 
7f3cb371c000-7f3cb371f000 ---p 00000000 00:00 0 
7f3cb371f000-7f3cb381d000 rw-p 00000000 00:00 0 
7f3cb381d000-7f3cb3afb000 r--p 00000000 103:02 19138890                  /usr/lib/locale/locale-archive
7f3cb3afb000-7f3cb3afe000 ---p 00000000 00:00 0 
7f3cb3afe000-7f3cb3bfc000 rw-p 00000000 00:00 0 
7f3cb3bfc000-7f3cb3bff000 ---p 00000000 00:00 0 
7f3cb3bff000-7f3cb3cfd000 rw-p 00000000 00:00 0 
7f3cb3cfd000-7f3cb3cfe000 ---p 00000000 00:00 0 
7f3cb3cfe000-7f3cb4000000 rw-p 00000000 00:00 0 
7f3cb4000000-7f3cb4021000 rw-p 00000000 00:00 0 
7f3cb4021000-7f3cb8000000 ---p 00000000 00:00 0 
7f3cb8000000-7f3cb8001000 r--s 00000000 103:02 15862335                  /root/.m2/repository/org/springframework/boot/spring-boot-starter-validation/2.2.4.RELEASE/spring-boot-starter-validation-2.2.4.RELEASE.jar
7f3cb8001000-7f3cb8003000 r--s 00005000 103:02 15862265                  /root/.m2/repository/jakarta/annotation/jakarta.annotation-api/1.3.5/jakarta.annotation-api-1.3.5.jar
7f3cb8003000-7f3cb8005000 r--s 00000000 103:02 15862263                  /root/.m2/repository/org/slf4j/jul-to-slf4j/1.7.30/jul-to-slf4j-1.7.30.jar
7f3cb8005000-7f3cb8007000 r--s 00003000 103:02 15862254                  /root/.m2/repository/org/apache/logging/log4j/log4j-to-slf4j/2.12.1/log4j-to-slf4j-2.12.1.jar
7f3cb8007000-7f3cb8012000 r--s 00069000 103:02 15862247                  /root/.m2/repository/ch/qos/logback/logback-core/1.2.3/logback-core-1.2.3.jar
7f3cb8012000-7f3cb8018000 r--s 00041000 103:02 15862243                  /root/.m2/repository/ch/qos/logback/logback-classic/1.2.3/logback-classic-1.2.3.jar
7f3cb8018000-7f3cb8049000 rw-p 00000000 00:00 0 
7f3cb8049000-7f3cb8064000 r--s 00394000 103:02 19661195                  /usr/lib/jvm/java-8-openjdk-amd64/jre/lib/ext/cldrdata.jar
7f3cb8064000-7f3cb807f000 r--s 001d6000 103:02 19661417                  /usr/lib/jvm/java-8-openjdk-amd64/jre/lib/ext/nashorn.jar
7f3cb807f000-7f3cb9aee000 rw-p 00000000 00:00 0 
7f3cb9aee000-7f3cb9cc0000 r--s 03ca8000 103:02 19400919                  /usr/lib/jvm/java-8-openjdk-amd64/jre/lib/rt.jar
7f3cb9cc0000-7f3cbacfa000 rw-p 00000000 00:00 0 
7f3cbacfa000-7f3cbacfb000 ---p 00000000 00:00 0 
7f3cbacfb000-7f3cbadfb000 rw-p 00000000 00:00 0 
7f3cbadfb000-7f3cbadfc000 ---p 00000000 00:00 0 
7f3cbadfc000-7f3cbaefc000 rw-p 00000000 00:00 0 
7f3cbaefc000-7f3cbaefd000 ---p 00000000 00:00 0 
7f3cbaefd000-7f3cbaffd000 rw-p 00000000 00:00 0 
7f3cbaffd000-7f3cbaffe000 ---p 00000000 00:00 0 
7f3cbaffe000-7f3cbb0fe000 rw-p 00000000 00:00 0 
7f3cbb0fe000-7f3cbb0ff000 ---p 00000000 00:00 0 
7f3cbb0ff000-7f3cbb1ff000 rw-p 00000000 00:00 0 
7f3cbb1ff000-7f3cbb200000 ---p 00000000 00:00 0 
7f3cbb200000-7f3cbb300000 rw-p 00000000 00:00 0 
7f3cbb300000-7f3cbb301000 ---p 00000000 00:00 0 
7f3cbb301000-7f3cbb401000 rw-p 00000000 00:00 0 
7f3cbb401000-7f3cbb402000 ---p 00000000 00:00 0 
7f3cbb402000-7f3cbb556000 rw-p 00000000 00:00 0 
7f3cbb556000-7f3cbba30000 ---p 00000000 00:00 0 
7f3cbba30000-7f3cbba84000 rw-p 00000000 00:00 0 
7f3cbba84000-7f3cbbf5d000 ---p 00000000 00:00 0 
7f3cbbf5d000-7f3cbbfa7000 rw-p 00000000 00:00 0 
7f3cbbfa7000-7f3cbc1f4000 ---p 00000000 00:00 0 
7f3cbc1f4000-7f3cbc207000 rw-p 00000000 00:00 0 
7f3cbc207000-7f3cbc5b5000 ---p 00000000 00:00 0 
7f3cbc5b5000-7f3cbca05000 rwxp 00000000 00:00 0 
7f3cbca05000-7f3ccb5b5000 ---p 00000000 00:00 0 
7f3ccb5b5000-7f3ccb5bd000 r-xp 00000000 103:02 19400893                  /usr/lib/jvm/java-8-openjdk-amd64/jre/lib/amd64/libzip.so
7f3ccb5bd000-7f3ccb7bc000 ---p 00008000 103:02 19400893                  /usr/lib/jvm/java-8-openjdk-amd64/jre/lib/amd64/libzip.so
7f3ccb7bc000-7f3ccb7bd000 r--p 00007000 103:02 19400893                  /usr/lib/jvm/java-8-openjdk-amd64/jre/lib/amd64/libzip.so
7f3ccb7bd000-7f3ccb7be000 rw-p 00008000 103:02 19400893                  /usr/lib/jvm/java-8-openjdk-amd64/jre/lib/amd64/libzip.so
7f3ccb7be000-7f3ccb7c9000 r-xp 00000000 103:02 20054253                  /lib/x86_64-linux-gnu/libnss_files-2.27.so
7f3ccb7c9000-7f3ccb9c8000 ---p 0000b000 103:02 20054253                  /lib/x86_64-linux-gnu/libnss_files-2.27.so
7f3ccb9c8000-7f3ccb9c9000 r--p 0000a000 103:02 20054253                  /lib/x86_64-linux-gnu/libnss_files-2.27.so
7f3ccb9c9000-7f3ccb9ca000 rw-p 0000b000 103:02 20054253                  /lib/x86_64-linux-gnu/libnss_files-2.27.so
7f3ccb9ca000-7f3ccb9d0000 rw-p 00000000 00:00 0 
7f3ccb9d0000-7f3ccb9e7000 r-xp 00000000 103:02 20054247                  /lib/x86_64-linux-gnu/libnsl-2.27.so
7f3ccb9e7000-7f3ccbbe6000 ---p 00017000 103:02 20054247                  /lib/x86_64-linux-gnu/libnsl-2.27.so
7f3ccbbe6000-7f3ccbbe7000 r--p 00016000 103:02 20054247                  /lib/x86_64-linux-gnu/libnsl-2.27.so
7f3ccbbe7000-7f3ccbbe8000 rw-p 00017000 103:02 20054247                  /lib/x86_64-linux-gnu/libnsl-2.27.so
7f3ccbbe8000-7f3ccbbea000 rw-p 00000000 00:00 0 
7f3ccbbea000-7f3ccbbf5000 r-xp 00000000 103:02 20054257                  /lib/x86_64-linux-gnu/libnss_nis-2.27.so
7f3ccbbf5000-7f3ccbdf4000 ---p 0000b000 103:02 20054257                  /lib/x86_64-linux-gnu/libnss_nis-2.27.so
7f3ccbdf4000-7f3ccbdf5000 r--p 0000a000 103:02 20054257                  /lib/x86_64-linux-gnu/libnss_nis-2.27.so
7f3ccbdf5000-7f3ccbdf6000 rw-p 0000b000 103:02 20054257                  /lib/x86_64-linux-gnu/libnss_nis-2.27.so
7f3ccbdf6000-7f3ccbdfe000 r-xp 00000000 103:02 20054249                  /lib/x86_64-linux-gnu/libnss_compat-2.27.so
7f3ccbdfe000-7f3ccbffe000 ---p 00008000 103:02 20054249                  /lib/x86_64-linux-gnu/libnss_compat-2.27.so
7f3ccbffe000-7f3ccbfff000 r--p 00008000 103:02 20054249                  /lib/x86_64-linux-gnu/libnss_compat-2.27.so
7f3ccbfff000-7f3ccc000000 rw-p 00009000 103:02 20054249                  /lib/x86_64-linux-gnu/libnss_compat-2.27.so
7f3ccc000000-7f3ccc9e6000 rw-p 00000000 00:00 0 
7f3ccc9e6000-7f3cd0000000 ---p 00000000 00:00 0 
7f3cd0000000-7f3cd0001000 r--s 00000000 103:02 15862306                  /root/.m2/repository/org/springframework/boot/spring-boot-starter-tomcat/2.2.4.RELEASE/spring-boot-starter-tomcat-2.2.4.RELEASE.jar
7f3cd0001000-7f3cd0022000 rw-p 00000000 00:00 0 
7f3cd0022000-7f3cd004c000 r-xp 00000000 103:02 19400851                  /usr/lib/jvm/java-8-openjdk-amd64/jre/lib/amd64/libjava.so
7f3cd004c000-7f3cd024b000 ---p 0002a000 103:02 19400851                  /usr/lib/jvm/java-8-openjdk-amd64/jre/lib/amd64/libjava.so
7f3cd024b000-7f3cd024c000 r--p 00029000 103:02 19400851                  /usr/lib/jvm/java-8-openjdk-amd64/jre/lib/amd64/libjava.so
7f3cd024c000-7f3cd024e000 rw-p 0002a000 103:02 19400851                  /usr/lib/jvm/java-8-openjdk-amd64/jre/lib/amd64/libjava.so
7f3cd024e000-7f3cd025e000 r-xp 00000000 103:02 19400891                  /usr/lib/jvm/java-8-openjdk-amd64/jre/lib/amd64/libverify.so
7f3cd025e000-7f3cd045d000 ---p 00010000 103:02 19400891                  /usr/lib/jvm/java-8-openjdk-amd64/jre/lib/amd64/libverify.so
7f3cd045d000-7f3cd045f000 r--p 0000f000 103:02 19400891                  /usr/lib/jvm/java-8-openjdk-amd64/jre/lib/amd64/libverify.so
7f3cd045f000-7f3cd0460000 rw-p 00011000 103:02 19400891                  /usr/lib/jvm/java-8-openjdk-amd64/jre/lib/amd64/libverify.so
7f3cd0460000-7f3cd0467000 r-xp 00000000 103:02 20054266                  /lib/x86_64-linux-gnu/librt-2.27.so
7f3cd0467000-7f3cd0666000 ---p 00007000 103:02 20054266                  /lib/x86_64-linux-gnu/librt-2.27.so
7f3cd0666000-7f3cd0667000 r--p 00006000 103:02 20054266                  /lib/x86_64-linux-gnu/librt-2.27.so
7f3cd0667000-7f3cd0668000 rw-p 00007000 103:02 20054266                  /lib/x86_64-linux-gnu/librt-2.27.so
7f3cd0668000-7f3cd067f000 r-xp 00000000 103:02 20058956                  /lib/x86_64-linux-gnu/libgcc_s.so.1
7f3cd067f000-7f3cd087e000 ---p 00017000 103:02 20058956                  /lib/x86_64-linux-gnu/libgcc_s.so.1
7f3cd087e000-7f3cd087f000 r--p 00016000 103:02 20058956                  /lib/x86_64-linux-gnu/libgcc_s.so.1
7f3cd087f000-7f3cd0880000 rw-p 00017000 103:02 20058956                  /lib/x86_64-linux-gnu/libgcc_s.so.1
7f3cd0880000-7f3cd0a1d000 r-xp 00000000 103:02 20054241                  /lib/x86_64-linux-gnu/libm-2.27.so
7f3cd0a1d000-7f3cd0c1c000 ---p 0019d000 103:02 20054241                  /lib/x86_64-linux-gnu/libm-2.27.so
7f3cd0c1c000-7f3cd0c1d000 r--p 0019c000 103:02 20054241                  /lib/x86_64-linux-gnu/libm-2.27.so
7f3cd0c1d000-7f3cd0c1e000 rw-p 0019d000 103:02 20054241                  /lib/x86_64-linux-gnu/libm-2.27.so
7f3cd0c1e000-7f3cd0d97000 r-xp 00000000 103:02 19139205                  /usr/lib/x86_64-linux-gnu/libstdc++.so.6.0.25
7f3cd0d97000-7f3cd0f97000 ---p 00179000 103:02 19139205                  /usr/lib/x86_64-linux-gnu/libstdc++.so.6.0.25
7f3cd0f97000-7f3cd0fa1000 r--p 00179000 103:02 19139205                  /usr/lib/x86_64-linux-gnu/libstdc++.so.6.0.25
7f3cd0fa1000-7f3cd0fa3000 rw-p 00183000 103:02 19139205                  /usr/lib/x86_64-linux-gnu/libstdc++.so.6.0.25
7f3cd0fa3000-7f3cd0fa7000 rw-p 00000000 00:00 0 
7f3cd0fa7000-7f3cd1c4f000 r-xp 00000000 103:02 19531616                  /usr/lib/jvm/java-8-openjdk-amd64/jre/lib/amd64/server/libjvm.so
7f3cd1c4f000-7f3cd1e4f000 ---p 00ca8000 103:02 19531616                  /usr/lib/jvm/java-8-openjdk-amd64/jre/lib/amd64/server/libjvm.so
7f3cd1e4f000-7f3cd1ee3000 r--p 00ca8000 103:02 19531616                  /usr/lib/jvm/java-8-openjdk-amd64/jre/lib/amd64/server/libjvm.so
7f3cd1ee3000-7f3cd1f0c000 rw-p 00d3c000 103:02 19531616                  /usr/lib/jvm/java-8-openjdk-amd64/jre/lib/amd64/server/libjvm.so
7f3cd1f0c000-7f3cd1f3c000 rw-p 00000000 00:00 0 
7f3cd1f3c000-7f3cd1f56000 r-xp 00000000 103:02 20054263                  /lib/x86_64-linux-gnu/libpthread-2.27.so
7f3cd1f56000-7f3cd2155000 ---p 0001a000 103:02 20054263                  /lib/x86_64-linux-gnu/libpthread-2.27.so
7f3cd2155000-7f3cd2156000 r--p 00019000 103:02 20054263                  /lib/x86_64-linux-gnu/libpthread-2.27.so
7f3cd2156000-7f3cd2157000 rw-p 0001a000 103:02 20054263                  /lib/x86_64-linux-gnu/libpthread-2.27.so
7f3cd2157000-7f3cd215b000 rw-p 00000000 00:00 0 
7f3cd215b000-7f3cd215e000 r-xp 00000000 103:02 20054239                  /lib/x86_64-linux-gnu/libdl-2.27.so
7f3cd215e000-7f3cd235d000 ---p 00003000 103:02 20054239                  /lib/x86_64-linux-gnu/libdl-2.27.so
7f3cd235d000-7f3cd235e000 r--p 00002000 103:02 20054239                  /lib/x86_64-linux-gnu/libdl-2.27.so
7f3cd235e000-7f3cd235f000 rw-p 00003000 103:02 20054239                  /lib/x86_64-linux-gnu/libdl-2.27.so
7f3cd235f000-7f3cd237b000 r-xp 00000000 103:02 20059222                  /lib/x86_64-linux-gnu/libz.so.1.2.11
7f3cd237b000-7f3cd257a000 ---p 0001c000 103:02 20059222                  /lib/x86_64-linux-gnu/libz.so.1.2.11
7f3cd257a000-7f3cd257b000 r--p 0001b000 103:02 20059222                  /lib/x86_64-linux-gnu/libz.so.1.2.11
7f3cd257b000-7f3cd257c000 rw-p 0001c000 103:02 20059222                  /lib/x86_64-linux-gnu/libz.so.1.2.11
7f3cd257c000-7f3cd2763000 r-xp 00000000 103:02 20054233                  /lib/x86_64-linux-gnu/libc-2.27.so
7f3cd2763000-7f3cd2963000 ---p 001e7000 103:02 20054233                  /lib/x86_64-linux-gnu/libc-2.27.so
7f3cd2963000-7f3cd2967000 r--p 001e7000 103:02 20054233                  /lib/x86_64-linux-gnu/libc-2.27.so
7f3cd2967000-7f3cd2969000 rw-p 001eb000 103:02 20054233                  /lib/x86_64-linux-gnu/libc-2.27.so
7f3cd2969000-7f3cd296d000 rw-p 00000000 00:00 0 
7f3cd296d000-7f3cd297b000 r-xp 00000000 103:02 19399622                  /usr/lib/jvm/java-8-openjdk-amd64/jre/lib/amd64/jli/libjli.so
7f3cd297b000-7f3cd2b7a000 ---p 0000e000 103:02 19399622                  /usr/lib/jvm/java-8-openjdk-amd64/jre/lib/amd64/jli/libjli.so
7f3cd2b7a000-7f3cd2b7b000 r--p 0000d000 103:02 19399622                  /usr/lib/jvm/java-8-openjdk-amd64/jre/lib/amd64/jli/libjli.so
7f3cd2b7b000-7f3cd2b7c000 rw-p 0000e000 103:02 19399622                  /usr/lib/jvm/java-8-openjdk-amd64/jre/lib/amd64/jli/libjli.so
7f3cd2b7c000-7f3cd2ba5000 r-xp 00000000 103:02 20054225                  /lib/x86_64-linux-gnu/ld-2.27.so
7f3cd2ba5000-7f3cd2ba6000 r--s 00000000 103:02 15862272                  /root/.m2/repository/org/springframework/boot/spring-boot-starter-json/2.2.4.RELEASE/spring-boot-starter-json-2.2.4.RELEASE.jar
7f3cd2ba6000-7f3cd2ba7000 r--s 00000000 103:02 15862241                  /root/.m2/repository/org/springframework/boot/spring-boot-starter-logging/2.2.4.RELEASE/spring-boot-starter-logging-2.2.4.RELEASE.jar
7f3cd2ba7000-7f3cd2ba8000 r--s 00000000 103:02 15862239                  /root/.m2/repository/org/springframework/boot/spring-boot-starter/2.2.4.RELEASE/spring-boot-starter-2.2.4.RELEASE.jar
7f3cd2ba8000-7f3cd2bb2000 r--s 00117000 103:02 19661415                  /usr/lib/jvm/java-8-openjdk-amd64/jre/lib/ext/localedata.jar
7f3cd2bb2000-7f3cd2bb8000 r--s 0003d000 103:02 19661683                  /usr/lib/jvm/java-8-openjdk-amd64/jre/lib/ext/sunjce_provider.jar
7f3cd2bb8000-7f3cd2c89000 rw-p 00000000 00:00 0 
7f3cd2c89000-7f3cd2c8a000 ---p 00000000 00:00 0 
7f3cd2c8a000-7f3cd2c8d000 ---p 00000000 00:00 0 
7f3cd2c8d000-7f3cd2d8c000 rw-p 00000000 00:00 0 
7f3cd2d8c000-7f3cd2d8d000 r--s 00000000 103:02 15862237                  /root/.m2/repository/org/springframework/boot/spring-boot-starter-web/2.2.4.RELEASE/spring-boot-starter-web-2.2.4.RELEASE.jar
7f3cd2d8d000-7f3cd2d8e000 r--s 00010000 103:02 19662001                  /usr/lib/jvm/java-8-openjdk-amd64/jre/lib/ext/zipfs.jar
7f3cd2d8e000-7f3cd2d8f000 r--s 0000a000 103:02 19661348                  /usr/lib/jvm/java-8-openjdk-amd64/jre/lib/ext/jaccess.jar
7f3cd2d8f000-7f3cd2d92000 r--s 0000f000 103:02 19661347                  /usr/lib/jvm/java-8-openjdk-amd64/jre/lib/ext/icedtea-sound.jar
7f3cd2d92000-7f3cd2d94000 r--s 00001000 103:02 19661196                  /usr/lib/jvm/java-8-openjdk-amd64/jre/lib/ext/dnsns.jar
7f3cd2d94000-7f3cd2d95000 r--s 0000d000 103:02 19661419                  /usr/lib/jvm/java-8-openjdk-amd64/jre/lib/ext/sunec.jar
7f3cd2d95000-7f3cd2d99000 r--s 0003a000 103:02 19662000                  /usr/lib/jvm/java-8-openjdk-amd64/jre/lib/ext/sunpkcs11.jar
7f3cd2d99000-7f3cd2da1000 rw-s 00000000 103:02 27132145                  /tmp/hsperfdata_root/17609
7f3cd2da1000-7f3cd2da2000 rw-p 00000000 00:00 0 
7f3cd2da2000-7f3cd2da3000 r--p 00000000 00:00 0 
7f3cd2da3000-7f3cd2da5000 rw-p 00000000 00:00 0 
7f3cd2da5000-7f3cd2da6000 r--p 00029000 103:02 20054225                  /lib/x86_64-linux-gnu/ld-2.27.so
7f3cd2da6000-7f3cd2da7000 rw-p 0002a000 103:02 20054225                  /lib/x86_64-linux-gnu/ld-2.27.so
7f3cd2da7000-7f3cd2da8000 rw-p 00000000 00:00 0 
7ffeaf7b2000-7ffeaf7d6000 rw-p 00000000 00:00 0                          [stack]
7ffeaf7d7000-7ffeaf7da000 r--p 00000000 00:00 0                          [vvar]
7ffeaf7da000-7ffeaf7db000 r-xp 00000000 00:00 0                          [vdso]
ffffffffff600000-ffffffffff601000 --xp 00000000 00:00 0                  [vsyscall]

VM Arguments:
jvm_args: -Dfile.encoding=UTF-8 
java_command: com.superops.MyApplication
java_class_path (initial): /home/lynk/Downloads/spring-boot-demo/target/classes:/root/.m2/repository/org/springframework/boot/spring-boot-starter-web/2.2.4.RELEASE/spring-boot-starter-web-2.2.4.RELEASE.jar:/root/.m2/repository/org/springframework/boot/spring-boot-starter/2.2.4.RELEASE/spring-boot-starter-2.2.4.RELEASE.jar:/root/.m2/repository/org/springframework/boot/spring-boot-starter-logging/2.2.4.RELEASE/spring-boot-starter-logging-2.2.4.RELEASE.jar:/root/.m2/repository/ch/qos/logback/logback-classic/1.2.3/logback-classic-1.2.3.jar:/root/.m2/repository/ch/qos/logback/logback-core/1.2.3/logback-core-1.2.3.jar:/root/.m2/repository/org/apache/logging/log4j/log4j-to-slf4j/2.12.1/log4j-to-slf4j-2.12.1.jar:/root/.m2/repository/org/apache/logging/log4j/log4j-api/2.12.1/log4j-api-2.12.1.jar:/root/.m2/repository/org/slf4j/jul-to-slf4j/1.7.30/jul-to-slf4j-1.7.30.jar:/root/.m2/repository/jakarta/annotation/jakarta.annotation-api/1.3.5/jakarta.annotation-api-1.3.5.jar:/root/.m2/repository/org/yaml/snakeyaml/1.25/snakeyaml-1.25.jar:/root/.m2/repository/org/springframework/boot/spring-boot-starter-json/2.2.4.RELEASE/spring-boot-starter-json-2.2.4.RELEASE.jar:/root/.m2/repository/com/fasterxml/jackson/core/jackson-databind/2.10.2/jackson-databind-2.10.2.jar:/root/.m2/repository/com/fasterxml/jackson/core/jackson-annotations/2.10.2/jackson-annotations-2.10.2.jar:/root/.m2/repository/com/fasterxml/jackson/core/jackson-core/2.10.2/jackson-core-2.10.2.jar:/root/.m2/repository/com/fasterxml/jackson/datatype/jackson-datatype-jdk8/2.10.2/jackson-datatype-jdk8-2.10.2.jar:/root/.m2/repository/com/fasterxml/jackson/datatype/jackson-datatype-jsr310/2.10.2/jackson-datatype-jsr310-2.10.2.jar:/root/.m2/repository/com/fasterxml/jackson/module/jackson-module-parameter-names/2.10.2/jackson-module-parameter-names-2.10.2.jar:/root/.m2/repository/org/springframework/boot/spring-boot-starter-tomcat/2.2.4.RELEASE/spring-boot-starter-tomcat-2.2.4.RELEASE.jar:/root/.m2/repository/org/apache/tomcat/
Launcher Type: SUN_STANDARD

Environment Variables:
JAVA_HOME=/usr/lib/jvm/java-8-openjdk-amd64/jre/bin/java
PATH=/usr/local/sbin:/usr/local/bin:/usr/sbin:/usr/bin:/sbin:/bin:/snap/bin
USERNAME=root
SHELL=/bin/bash
DISPLAY=:0

Signal Handlers:
SIGSEGV: [libjvm.so+0xabb430], sa_mask[0]=11111111011111111101111111111110, sa_flags=SA_RESTART|SA_SIGINFO
SIGBUS: [libjvm.so+0xabb430], sa_mask[0]=11111111011111111101111111111110, sa_flags=SA_RESTART|SA_SIGINFO
SIGFPE: [libjvm.so+0x8eb5b0], sa_mask[0]=11111111011111111101111111111110, sa_flags=SA_RESTART|SA_SIGINFO
SIGPIPE: [libjvm.so+0x8eb5b0], sa_mask[0]=11111111011111111101111111111110, sa_flags=SA_RESTART|SA_SIGINFO
SIGXFSZ: [libjvm.so+0x8eb5b0], sa_mask[0]=11111111011111111101111111111110, sa_flags=SA_RESTART|SA_SIGINFO
SIGILL: [libjvm.so+0x8eb5b0], sa_mask[0]=11111111011111111101111111111110, sa_flags=SA_RESTART|SA_SIGINFO
SIGUSR1: SIG_DFL, sa_mask[0]=00000000000000000000000000000000, sa_flags=none
SIGUSR2: [libjvm.so+0x8eb460], sa_mask[0]=00100000000000000000000000000000, sa_flags=SA_RESTART|SA_SIGINFO
SIGHUP: [libjvm.so+0x8ebad0], sa_mask[0]=11111111011111111101111111111110, sa_flags=SA_RESTART|SA_SIGINFO
SIGINT: [libjvm.so+0x8ebad0], sa_mask[0]=11111111011111111101111111111110, sa_flags=SA_RESTART|SA_SIGINFO
SIGTERM: [libjvm.so+0x8ebad0], sa_mask[0]=11111111011111111101111111111110, sa_flags=SA_RESTART|SA_SIGINFO
SIGQUIT: [libjvm.so+0x8ebad0], sa_mask[0]=11111111011111111101111111111110, sa_flags=SA_RESTART|SA_SIGINFO


---------------  S Y S T E M  ---------------

OS:DISTRIB_ID=Ubuntu
DISTRIB_RELEASE=18.04
DISTRIB_CODENAME=bionic
DISTRIB_DESCRIPTION="Ubuntu 18.04.5 LTS"

uname:Linux 5.4.0-54-generic #60~18.04.1-Ubuntu SMP Fri Nov 6 17:25:16 UTC 2020 x86_64
libc:glibc 2.27 NPTL 2.27 
rlimit: STACK 8192k, CORE 0k, NPROC 63398, NOFILE 4096, AS infinity
load average:2.83 1.92 1.46

/proc/meminfo:
MemTotal:       16277900 kB
MemFree:         8320484 kB
MemAvailable:   11512420 kB
Buffers:          706000 kB
Cached:          3021736 kB
SwapCached:            0 kB
Active:          4955748 kB
Inactive:        1950668 kB
Active(anon):    3372884 kB
Inactive(anon):   448748 kB
Active(file):    1582864 kB
Inactive(file):  1501920 kB
Unevictable:      189992 kB
Mlocked:             148 kB
SwapTotal:       2097148 kB
SwapFree:        2097148 kB
Dirty:               376 kB
Writeback:             0 kB
AnonPages:       3368512 kB
Mapped:          1021340 kB
Shmem:            645716 kB
KReclaimable:     448136 kB
Slab:             665280 kB
SReclaimable:     448136 kB
SUnreclaim:       217144 kB
KernelStack:       23856 kB
PageTables:        94180 kB
NFS_Unstable:          0 kB
Bounce:                0 kB
WritebackTmp:          0 kB
CommitLimit:    10236096 kB
Committed_AS:   16904292 kB
VmallocTotal:   34359738367 kB
VmallocUsed:       43892 kB
VmallocChunk:          0 kB
Percpu:             7456 kB
HardwareCorrupted:     0 kB
AnonHugePages:         0 kB
ShmemHugePages:        0 kB
ShmemPmdMapped:        0 kB
FileHugePages:         0 kB
FilePmdMapped:         0 kB
CmaTotal:              0 kB
CmaFree:               0 kB
HugePages_Total:       0
HugePages_Free:        0
HugePages_Rsvd:        0
HugePages_Surp:        0
Hugepagesize:       2048 kB
Hugetlb:               0 kB
DirectMap4k:      485056 kB
DirectMap2M:    10930176 kB
DirectMap1G:     5242880 kB

container (cgroup) information:
container_type: cgroupv1
cpu_cpuset_cpus: 0-7
cpu_memory_nodes: 0
active_processor_count: 8
cpu_quota: -1
cpu_period: 100000
cpu_shares: -1
memory_limit_in_bytes: -1
memory_and_swap_limit_in_bytes: -2
memory_soft_limit_in_bytes: -1
memory_usage_in_bytes: 5505380352
memory_max_usage_in_bytes: 6107607040


CPU:total 8 (initial active 8) (4 cores per cpu, 2 threads per core) family 6 model 142 stepping 12, cmov, cx8, fxsr, mmx, sse, sse2, sse3, ssse3, sse4.1, sse4.2, popcnt, avx, avx2, aes, clmul, erms, 3dnowpref, lzcnt, ht, tsc, tscinvbit, bmi1, bmi2, adx

/proc/cpuinfo:
processor	: 0
vendor_id	: GenuineIntel
cpu family	: 6
model		: 142
model name	: Intel(R) Core(TM) i7-8565U CPU @ 1.80GHz
stepping	: 12
microcode	: 0xd6
cpu MHz		: 2496.444
cache size	: 8192 KB
physical id	: 0
siblings	: 8
core id		: 0
cpu cores	: 4
apicid		: 0
initial apicid	: 0
fpu		: yes
fpu_exception	: yes
cpuid level	: 22
wp		: yes
flags		: fpu vme de pse tsc msr pae mce cx8 apic sep mtrr pge mca cmov pat pse36 clflush dts acpi mmx fxsr sse sse2 ss ht tm pbe syscall nx pdpe1gb rdtscp lm constant_tsc art arch_perfmon pebs bts rep_good nopl xtopology nonstop_tsc cpuid aperfmperf pni pclmulqdq dtes64 monitor ds_cpl vmx est tm2 ssse3 sdbg fma cx16 xtpr pdcm pcid sse4_1 sse4_2 x2apic movbe popcnt tsc_deadline_timer aes xsave avx f16c rdrand lahf_lm abm 3dnowprefetch cpuid_fault epb invpcid_single ssbd ibrs ibpb stibp ibrs_enhanced tpr_shadow vnmi flexpriority ept vpid ept_ad fsgsbase tsc_adjust bmi1 avx2 smep bmi2 erms invpcid mpx rdseed adx smap clflushopt intel_pt xsaveopt xsavec xgetbv1 xsaves dtherm ida arat pln pts hwp hwp_notify hwp_act_window hwp_epp md_clear flush_l1d arch_capabilities
bugs		: spectre_v1 spectre_v2 spec_store_bypass swapgs itlb_multihit srbds
bogomips	: 3999.93
clflush size	: 64
cache_alignment	: 64
address sizes	: 39 bits physical, 48 bits virtual
power management:

processor	: 1
vendor_id	: GenuineIntel
cpu family	: 6
model		: 142
model name	: Intel(R) Core(TM) i7-8565U CPU @ 1.80GHz
stepping	: 12
microcode	: 0xd6
cpu MHz		: 2494.931
cache size	: 8192 KB
physical id	: 0
siblings	: 8
core id		: 1
cpu cores	: 4
apicid		: 2
initial apicid	: 2
fpu		: yes
fpu_exception	: yes
cpuid level	: 22
wp		: yes
flags		: fpu vme de pse tsc msr pae mce cx8 apic sep mtrr pge mca cmov pat pse36 clflush dts acpi mmx fxsr sse sse2 ss ht tm pbe syscall nx pdpe1gb rdtscp lm constant_tsc art arch_perfmon pebs bts rep_good nopl xtopology nonstop_tsc cpuid aperfmperf pni pclmulqdq dtes64 monitor ds_cpl vmx est tm2 ssse3 sdbg fma cx16 xtpr pdcm pcid sse4_1 sse4_2 x2apic movbe popcnt tsc_deadline_timer aes xsave avx f16c rdrand lahf_lm abm 3dnowprefetch cpuid_fault epb invpcid_single ssbd ibrs ibpb stibp ibrs_enhanced tpr_shadow vnmi flexpriority ept vpid ept_ad fsgsbase tsc_adjust bmi1 avx2 smep bmi2 erms invpcid mpx rdseed adx smap clflushopt intel_pt xsaveopt xsavec xgetbv1 xsaves dtherm ida arat pln pts hwp hwp_notify hwp_act_window hwp_epp md_clear flush_l1d arch_capabilities
bugs		: spectre_v1 spectre_v2 spec_store_bypass swapgs itlb_multihit srbds
bogomips	: 3999.93
clflush size	: 64
cache_alignment	: 64
address sizes	: 39 bits physical, 48 bits virtual
power management:

processor	: 2
vendor_id	: GenuineIntel
cpu family	: 6
model		: 142
model name	: Intel(R) Core(TM) i7-8565U CPU @ 1.80GHz
stepping	: 12
microcode	: 0xd6
cpu MHz		: 2531.942
cache size	: 8192 KB
physical id	: 0
siblings	: 8
core id		: 2
cpu cores	: 4
apicid		: 4
initial apicid	: 4
fpu		: yes
fpu_exception	: yes
cpuid level	: 22
wp		: yes
flags		: fpu vme de pse tsc msr pae mce cx8 apic sep mtrr pge mca cmov pat pse36 clflush dts acpi mmx fxsr sse sse2 ss ht tm pbe syscall nx pdpe1gb rdtscp lm constant_tsc art arch_perfmon pebs bts rep_good nopl xtopology nonstop_tsc cpuid aperfmperf pni pclmulqdq dtes64 monitor ds_cpl vmx est tm2 ssse3 sdbg fma cx16 xtpr pdcm pcid sse4_1 sse4_2 x2apic movbe popcnt tsc_deadline_timer aes xsave avx f16c rdrand lahf_lm abm 3dnowprefetch cpuid_fault epb invpcid_single ssbd ibrs ibpb stibp ibrs_enhanced tpr_shadow vnmi flexpriority ept vpid ept_ad fsgsbase tsc_adjust bmi1 avx2 smep bmi2 erms invpcid mpx rdseed adx smap clflushopt intel_pt xsaveopt xsavec xgetbv1 xsaves dtherm ida arat pln pts hwp hwp_notify hwp_act_window hwp_epp md_clear flush_l1d arch_capabilities
bugs		: spectre_v1 spectre_v2 spec_store_bypass swapgs itlb_multihit srbds
bogomips	: 3999.93
clflush size	: 64
cache_alignment	: 64
address sizes	: 39 bits physical, 48 bits virtual
power management:

processor	: 3
vendor_id	: GenuineIntel
cpu family	: 6
model		: 142
model name	: Intel(R) Core(TM) i7-8565U CPU @ 1.80GHz
stepping	: 12
microcode	: 0xd6
cpu MHz		: 2464.839
cache size	: 8192 KB
physical id	: 0
siblings	: 8
core id		: 3
cpu cores	: 4
apicid		: 6
initial apicid	: 6
fpu		: yes
fpu_exception	: yes
cpuid level	: 22
wp		: yes
flags		: fpu vme de pse tsc msr pae mce cx8 apic sep mtrr pge mca cmov pat pse36 clflush dts acpi mmx fxsr sse sse2 ss ht tm pbe syscall nx pdpe1gb rdtscp lm constant_tsc art arch_perfmon pebs bts rep_good nopl xtopology nonstop_tsc cpuid aperfmperf pni pclmulqdq dtes64 monitor ds_cpl vmx est tm2 ssse3 sdbg fma cx16 xtpr pdcm pcid sse4_1 sse4_2 x2apic movbe popcnt tsc_deadline_timer aes xsave avx f16c rdrand lahf_lm abm 3dnowprefetch cpuid_fault epb invpcid_single ssbd ibrs ibpb stibp ibrs_enhanced tpr_shadow vnmi flexpriority ept vpid ept_ad fsgsbase tsc_adjust bmi1 avx2 smep bmi2 erms invpcid mpx rdseed adx smap clflushopt intel_pt xsaveopt xsavec xgetbv1 xsaves dtherm ida arat pln pts hwp hwp_notify hwp_act_window hwp_epp md_clear flush_l1d arch_capabilities
bugs		: spectre_v1 spectre_v2 spec_store_bypass swapgs itlb_multihit srbds
bogomips	: 3999.93
clflush size	: 64
cache_alignment	: 64
address sizes	: 39 bits physical, 48 bits virtual
power management:

processor	: 4
vendor_id	: GenuineIntel
cpu family	: 6
model		: 142
model name	: Intel(R) Core(TM) i7-8565U CPU @ 1.80GHz
stepping	: 12
microcode	: 0xd6
cpu MHz		: 2618.339
cache size	: 8192 KB
physical id	: 0
siblings	: 8
core id		: 0
cpu cores	: 4
apicid		: 1
initial apicid	: 1
fpu		: yes
fpu_exception	: yes
cpuid level	: 22
wp		: yes
flags		: fpu vme de pse tsc msr pae mce cx8 apic sep mtrr pge mca cmov pat pse36 clflush dts acpi mmx fxsr sse sse2 ss ht tm pbe syscall nx pdpe1gb rdtscp lm constant_tsc art arch_perfmon pebs bts rep_good nopl xtopology nonstop_tsc cpuid aperfmperf pni pclmulqdq dtes64 monitor ds_cpl vmx est tm2 ssse3 sdbg fma cx16 xtpr pdcm pcid sse4_1 sse4_2 x2apic movbe popcnt tsc_deadline_timer aes xsave avx f16c rdrand lahf_lm abm 3dnowprefetch cpuid_fault epb invpcid_single ssbd ibrs ibpb stibp ibrs_enhanced tpr_shadow vnmi flexpriority ept vpid ept_ad fsgsbase tsc_adjust bmi1 avx2 smep bmi2 erms invpcid mpx rdseed adx smap clflushopt intel_pt xsaveopt xsavec xgetbv1 xsaves dtherm ida arat pln pts hwp hwp_notify hwp_act_window hwp_epp md_clear flush_l1d arch_capabilities
bugs		: spectre_v1 spectre_v2 spec_store_bypass swapgs itlb_multihit srbds
bogomips	: 3999.93
clflush size	: 64
cache_alignment	: 64
address sizes	: 39 bits physical, 48 bits virtual
power management:

processor	: 5
vendor_id	: GenuineIntel
cpu family	: 6
model		: 142
model name	: Intel(R) Core(TM) i7-8565U CPU @ 1.80GHz
stepping	: 12
microcode	: 0xd6
cpu MHz		: 2459.197
cache size	: 8192 KB
physical id	: 0
siblings	: 8
core id		: 1
cpu cores	: 4
apicid		: 3
initial apicid	: 3
fpu		: yes
fpu_exception	: yes
cpuid level	: 22
wp		: yes
flags		: fpu vme de pse tsc msr pae mce cx8 apic sep mtrr pge mca cmov pat pse36 clflush dts acpi mmx fxsr sse sse2 ss ht tm pbe syscall nx pdpe1gb rdtscp lm constant_tsc art arch_perfmon pebs bts rep_good nopl xtopology nonstop_tsc cpuid aperfmperf pni pclmulqdq dtes64 monitor ds_cpl vmx est tm2 ssse3 sdbg fma cx16 xtpr pdcm pcid sse4_1 sse4_2 x2apic movbe popcnt tsc_deadline_timer aes xsave avx f16c rdrand lahf_lm abm 3dnowprefetch cpuid_fault epb invpcid_single ssbd ibrs ibpb stibp ibrs_enhanced tpr_shadow vnmi flexpriority ept vpid ept_ad fsgsbase tsc_adjust bmi1 avx2 smep bmi2 erms invpcid mpx rdseed adx smap clflushopt intel_pt xsaveopt xsavec xgetbv1 xsaves dtherm ida arat pln pts hwp hwp_notify hwp_act_window hwp_epp md_clear flush_l1d arch_capabilities
bugs		: spectre_v1 spectre_v2 spec_store_bypass swapgs itlb_multihit srbds
bogomips	: 3999.93
clflush size	: 64
cache_alignment	: 64
address sizes	: 39 bits physical, 48 bits virtual
power management:

processor	: 6
vendor_id	: GenuineIntel
cpu family	: 6
model		: 142
model name	: Intel(R) Core(TM) i7-8565U CPU @ 1.80GHz
stepping	: 12
microcode	: 0xd6
cpu MHz		: 2524.448
cache size	: 8192 KB
physical id	: 0
siblings	: 8
core id		: 2
cpu cores	: 4
apicid		: 5
initial apicid	: 5
fpu		: yes
fpu_exception	: yes
cpuid level	: 22
wp		: yes
flags		: fpu vme de pse tsc msr pae mce cx8 apic sep mtrr pge mca cmov pat pse36 clflush dts acpi mmx fxsr sse sse2 ss ht tm pbe syscall nx pdpe1gb rdtscp lm constant_tsc art arch_perfmon pebs bts rep_good nopl xtopology nonstop_tsc cpuid aperfmperf pni pclmulqdq dtes64 monitor ds_cpl vmx est tm2 ssse3 sdbg fma cx16 xtpr pdcm pcid sse4_1 sse4_2 x2apic movbe popcnt tsc_deadline_timer aes xsave avx f16c rdrand lahf_lm abm 3dnowprefetch cpuid_fault epb invpcid_single ssbd ibrs ibpb stibp ibrs_enhanced tpr_shadow vnmi flexpriority ept vpid ept_ad fsgsbase tsc_adjust bmi1 avx2 smep bmi2 erms invpcid mpx rdseed adx smap clflushopt intel_pt xsaveopt xsavec xgetbv1 xsaves dtherm ida arat pln pts hwp hwp_notify hwp_act_window hwp_epp md_clear flush_l1d arch_capabilities
bugs		: spectre_v1 spectre_v2 spec_store_bypass swapgs itlb_multihit srbds
bogomips	: 3999.93
clflush size	: 64
cache_alignment	: 64
address sizes	: 39 bits physical, 48 bits virtual
power management:

processor	: 7
vendor_id	: GenuineIntel
cpu family	: 6
model		: 142
model name	: Intel(R) Core(TM) i7-8565U CPU @ 1.80GHz
stepping	: 12
microcode	: 0xd6
cpu MHz		: 2513.405
cache size	: 8192 KB
physical id	: 0
siblings	: 8
core id		: 3
cpu cores	: 4
apicid		: 7
initial apicid	: 7
fpu		: yes
fpu_exception	: yes
cpuid level	: 22
wp		: yes
flags		: fpu vme de pse tsc msr pae mce cx8 apic sep mtrr pge mca cmov pat pse36 clflush dts acpi mmx fxsr sse sse2 ss ht tm pbe syscall nx pdpe1gb rdtscp lm constant_tsc art arch_perfmon pebs bts rep_good nopl xtopology nonstop_tsc cpuid aperfmperf pni pclmulqdq dtes64 monitor ds_cpl vmx est tm2 ssse3 sdbg fma cx16 xtpr pdcm pcid sse4_1 sse4_2 x2apic movbe popcnt tsc_deadline_timer aes xsave avx f16c rdrand lahf_lm abm 3dnowprefetch cpuid_fault epb invpcid_single ssbd ibrs ibpb stibp ibrs_enhanced tpr_shadow vnmi flexpriority ept vpid ept_ad fsgsbase tsc_adjust bmi1 avx2 smep bmi2 erms invpcid mpx rdseed adx smap clflushopt intel_pt xsaveopt xsavec xgetbv1 xsaves dtherm ida arat pln pts hwp hwp_notify hwp_act_window hwp_epp md_clear flush_l1d arch_capabilities
bugs		: spectre_v1 spectre_v2 spec_store_bypass swapgs itlb_multihit srbds
bogomips	: 3999.93
clflush size	: 64
cache_alignment	: 64
address sizes	: 39 bits physical, 48 bits virtual
power management:



Memory: 4k page, physical 16277900k(8318224k free), swap 2097148k(2097148k free)

vm_info: OpenJDK 64-Bit Server VM (25.265-b01) for linux-amd64 JRE (1.8.0_265-8u265-b01-0ubuntu2~18.04-b01), built on Aug  3 2020 01:16:56 by "buildd" with gcc 7.5.0

time: Sat Dec 26 02:20:13 2020
timezone: IST
elapsed time: 0 seconds (0d 0h 0m 0s)

